The target system is: Generic -  - 
The host system is: Darwin - 24.6.0 - x86_64
Compiling the C compiler identification source file "CMakeCCompilerId.c" succeeded.
Compiler: /Users/sousou04/.espressif/tools/xtensa-esp-elf/esp-13.2.0_20240530/xtensa-esp-elf/bin/xtensa-esp32s3-elf-gcc 
Build flags: -mlongcalls;;-fno-builtin-memcpy;-fno-builtin-memset;-fno-builtin-bzero;-fno-builtin-stpcpy;-fno-builtin-strncpy
Id flags:  

The output was:
0


Compilation of the C compiler identification source "CMakeCCompilerId.c" produced "a.out"

The C compiler identification is GNU, found in "/Users/sousou04/Documents/Armageddon v3.0.0/Armageddon_V3.0.0/build/bootloader/CMakeFiles/3.24.0/CompilerIdC/a.out"

Compiling the CXX compiler identification source file "CMakeCXXCompilerId.cpp" succeeded.
Compiler: /Users/sousou04/.espressif/tools/xtensa-esp-elf/esp-13.2.0_20240530/xtensa-esp-elf/bin/xtensa-esp32s3-elf-g++ 
Build flags: -mlongcalls;;-fno-builtin-memcpy;-fno-builtin-memset;-fno-builtin-bzero;-fno-builtin-stpcpy;-fno-builtin-strncpy
Id flags:  

The output was:
0


Compilation of the CXX compiler identification source "CMakeCXXCompilerId.cpp" produced "a.out"

The CXX compiler identification is GNU, found in "/Users/sousou04/Documents/Armageddon v3.0.0/Armageddon_V3.0.0/build/bootloader/CMakeFiles/3.24.0/CompilerIdCXX/a.out"

Checking whether the ASM compiler is GNU using "--version" matched "(GNU assembler)|(GCC)|(Free Software Foundation)":
xtensa-esp-elf-gcc (crosstool-NG esp-13.2.0_20240530) 13.2.0
Copyright (C) 2023 Free Software Foundation, Inc.
This is free software; see the source for copying conditions.  There is NO
warranty; not even for MERCHANTABILITY or FITNESS FOR A PARTICULAR PURPOSE.

Detecting C compiler ABI info compiled with the following output:
Change Dir: /Users/sousou04/Documents/Armageddon v3.0.0/Armageddon_V3.0.0/build/bootloader/CMakeFiles/CMakeTmp

Run Build Command(s):/Users/sousou04/.espressif/tools/ninja/1.11.1/ninja cmTC_4edd5 && [1/2] Building C object CMakeFiles/cmTC_4edd5.dir/CMakeCCompilerABI.c.obj
Using built-in specs.
COLLECT_GCC=/Users/sousou04/.espressif/tools/xtensa-esp-elf/esp-13.2.0_20240530/xtensa-esp-elf/bin/xtensa-esp-elf-gcc
Target: xtensa-esp-elf
Configured with: /builds/idf/crosstool-NG/.build/HOST-x86_64-apple-darwin21.1/xtensa-esp-elf/src/gcc/configure --build=x86_64-build_pc-linux-gnu --host=x86_64-host_apple-darwin21.1 --target=xtensa-esp-elf --prefix=/builds/idf/crosstool-NG/builds/xtensa-esp-elf --exec_prefix=/builds/idf/crosstool-NG/builds/xtensa-esp-elf --with-local-prefix=/builds/idf/crosstool-NG/builds/xtensa-esp-elf/xtensa-esp-elf --with-sysroot=/builds/idf/crosstool-NG/builds/xtensa-esp-elf/xtensa-esp-elf --with-native-system-header-dir=/include --with-newlib --enable-threads=no --disable-shared --with-pkgversion='crosstool-NG esp-13.2.0_20240530' --disable-__cxa_atexit --enable-cxx-flags=-ffunction-sections --disable-libgomp --disable-libmudflap --disable-libmpx --disable-libssp --disable-libquadmath --disable-libquadmath-support --disable-libstdcxx-verbose --with-gmp=/builds/idf/crosstool-NG/.build/HOST-x86_64-apple-darwin21.1/xtensa-esp-elf/buildtools/complibs-host --with-mpfr=/builds/idf/crosstool-NG/.build/HOST-x86_64-apple-darwin21.1/xtensa-esp-elf/buildtools/complibs-host --with-mpc=/builds/idf/crosstool-NG/.build/HOST-x86_64-apple-darwin21.1/xtensa-esp-elf/buildtools/complibs-host --with-isl=/builds/idf/crosstool-NG/.build/HOST-x86_64-apple-darwin21.1/xtensa-esp-elf/buildtools/complibs-host --enable-lto --enable-target-optspace --without-long-double-128 --disable-nls --enable-multiarch --enable-languages=c,c++ --disable-libstdcxx-verbose --enable-threads=posix --enable-gcov-custom-rtio --enable-libstdcxx-time=yes
Thread model: posix
Supported LTO compression algorithms: zlib
gcc version 13.2.0 (crosstool-NG esp-13.2.0_20240530) 
COLLECT_GCC_OPTIONS='-mdynconfig=xtensa_esp32s3.so' '-mlongcalls' '-fno-builtin-memcpy' '-fno-builtin-memset' '-fno-builtin-bzero' '-fno-builtin-stpcpy' '-fno-builtin-strncpy' '-v' '-o' 'CMakeFiles/cmTC_4edd5.dir/CMakeCCompilerABI.c.obj' '-c' '-dumpdir' 'CMakeFiles/cmTC_4edd5.dir/'
 /Users/sousou04/.espressif/tools/xtensa-esp-elf/esp-13.2.0_20240530/xtensa-esp-elf/bin/../libexec/gcc/xtensa-esp-elf/13.2.0/cc1 -quiet -v -imultilib esp32s3 -iprefix /Users/sousou04/.espressif/tools/xtensa-esp-elf/esp-13.2.0_20240530/xtensa-esp-elf/bin/../lib/gcc/xtensa-esp-elf/13.2.0/ -isysroot /Users/sousou04/.espressif/tools/xtensa-esp-elf/esp-13.2.0_20240530/xtensa-esp-elf/bin/../xtensa-esp-elf /Users/sousou04/.espressif/tools/cmake/3.24.0/CMake.app/Contents/share/cmake-3.24/Modules/CMakeCCompilerABI.c -quiet -dumpdir CMakeFiles/cmTC_4edd5.dir/ -dumpbase CMakeCCompilerABI.c.c -dumpbase-ext .c -mdynconfig=xtensa_esp32s3.so -mlongcalls -version -fno-builtin-memcpy -fno-builtin-memset -fno-builtin-bzero -fno-builtin-stpcpy -fno-builtin-strncpy -o /var/folders/cd/rnkfvxms36sbf1ppv4ffpw380000gn/T//ccdOrzXj.s
GNU C17 (crosstool-NG esp-13.2.0_20240530) version 13.2.0 (xtensa-esp-elf)
	compiled by GNU C version 8.3.0, GMP version 6.2.1, MPFR version 4.2.1, MPC version 1.2.1, isl version isl-0.26-GMP

GGC heuristics: --param ggc-min-expand=100 --param ggc-min-heapsize=131072
ignoring duplicate directory "/Users/sousou04/.espressif/tools/xtensa-esp-elf/esp-13.2.0_20240530/xtensa-esp-elf/bin/../lib/gcc/../../lib/gcc/xtensa-esp-elf/13.2.0/include"
ignoring nonexistent directory "/Users/sousou04/.espressif/tools/xtensa-esp-elf/esp-13.2.0_20240530/xtensa-esp-elf/bin/../xtensa-esp-elf/builds/idf/crosstool-NG/builds/xtensa-esp-elf/xtensa-esp-elf/include"
ignoring duplicate directory "/Users/sousou04/.espressif/tools/xtensa-esp-elf/esp-13.2.0_20240530/xtensa-esp-elf/bin/../lib/gcc/../../lib/gcc/xtensa-esp-elf/13.2.0/include-fixed"
ignoring duplicate directory "/Users/sousou04/.espressif/tools/xtensa-esp-elf/esp-13.2.0_20240530/xtensa-esp-elf/bin/../lib/gcc/../../lib/gcc/xtensa-esp-elf/13.2.0/../../../../xtensa-esp-elf/include"
ignoring duplicate directory "/Users/sousou04/.espressif/tools/xtensa-esp-elf/esp-13.2.0_20240530/xtensa-esp-elf/bin/../xtensa-esp-elf/include"
#include "..." search starts here:
#include <...> search starts here:
 /Users/sousou04/.espressif/tools/xtensa-esp-elf/esp-13.2.0_20240530/xtensa-esp-elf/bin/../lib/gcc/xtensa-esp-elf/13.2.0/include
 /Users/sousou04/.espressif/tools/xtensa-esp-elf/esp-13.2.0_20240530/xtensa-esp-elf/bin/../lib/gcc/xtensa-esp-elf/13.2.0/include-fixed
 /Users/sousou04/.espressif/tools/xtensa-esp-elf/esp-13.2.0_20240530/xtensa-esp-elf/bin/../lib/gcc/xtensa-esp-elf/13.2.0/../../../../xtensa-esp-elf/include
End of search list.
Compiler executable checksum: 665fb6a6de032bd80ebc0b75b5697aef
COLLECT_GCC_OPTIONS='-mdynconfig=xtensa_esp32s3.so' '-mlongcalls' '-fno-builtin-memcpy' '-fno-builtin-memset' '-fno-builtin-bzero' '-fno-builtin-stpcpy' '-fno-builtin-strncpy' '-v' '-o' 'CMakeFiles/cmTC_4edd5.dir/CMakeCCompilerABI.c.obj' '-c' '-dumpdir' 'CMakeFiles/cmTC_4edd5.dir/'
 /Users/sousou04/.espressif/tools/xtensa-esp-elf/esp-13.2.0_20240530/xtensa-esp-elf/bin/../lib/gcc/xtensa-esp-elf/13.2.0/../../../../xtensa-esp-elf/bin/as --traditional-format --longcalls --dynconfig=xtensa_esp32s3.so -o CMakeFiles/cmTC_4edd5.dir/CMakeCCompilerABI.c.obj /var/folders/cd/rnkfvxms36sbf1ppv4ffpw380000gn/T//ccdOrzXj.s
COMPILER_PATH=/Users/sousou04/.espressif/tools/xtensa-esp-elf/esp-13.2.0_20240530/xtensa-esp-elf/bin/../libexec/gcc/xtensa-esp-elf/13.2.0/:/Users/sousou04/.espressif/tools/xtensa-esp-elf/esp-13.2.0_20240530/xtensa-esp-elf/bin/../libexec/gcc/:/Users/sousou04/.espressif/tools/xtensa-esp-elf/esp-13.2.0_20240530/xtensa-esp-elf/bin/../lib/gcc/xtensa-esp-elf/13.2.0/../../../../xtensa-esp-elf/bin/
LIBRARY_PATH=/Users/sousou04/.espressif/tools/xtensa-esp-elf/esp-13.2.0_20240530/xtensa-esp-elf/bin/../lib/gcc/xtensa-esp-elf/13.2.0/esp32s3/:/Users/sousou04/.espressif/tools/xtensa-esp-elf/esp-13.2.0_20240530/xtensa-esp-elf/bin/../lib/gcc/xtensa-esp-elf/13.2.0/../../../../xtensa-esp-elf/lib/esp32s3/:/Users/sousou04/.espressif/tools/xtensa-esp-elf/esp-13.2.0_20240530/xtensa-esp-elf/bin/../xtensa-esp-elf/lib/esp32s3/:/Users/sousou04/.espressif/tools/xtensa-esp-elf/esp-13.2.0_20240530/xtensa-esp-elf/bin/../lib/gcc/xtensa-esp-elf/13.2.0/:/Users/sousou04/.espressif/tools/xtensa-esp-elf/esp-13.2.0_20240530/xtensa-esp-elf/bin/../lib/gcc/:/Users/sousou04/.espressif/tools/xtensa-esp-elf/esp-13.2.0_20240530/xtensa-esp-elf/bin/../lib/gcc/xtensa-esp-elf/13.2.0/../../../../xtensa-esp-elf/lib/:/Users/sousou04/.espressif/tools/xtensa-esp-elf/esp-13.2.0_20240530/xtensa-esp-elf/bin/../xtensa-esp-elf/lib/:/Users/sousou04/.espressif/tools/xtensa-esp-elf/esp-13.2.0_20240530/xtensa-esp-elf/bin/../xtensa-esp-elf/usr/lib/
COLLECT_GCC_OPTIONS='-mdynconfig=xtensa_esp32s3.so' '-mlongcalls' '-fno-builtin-memcpy' '-fno-builtin-memset' '-fno-builtin-bzero' '-fno-builtin-stpcpy' '-fno-builtin-strncpy' '-v' '-o' 'CMakeFiles/cmTC_4edd5.dir/CMakeCCompilerABI.c.obj' '-c' '-dumpdir' 'CMakeFiles/cmTC_4edd5.dir/CMakeCCompilerABI.c.'
[2/2] Linking C executable cmTC_4edd5
Using built-in specs.
COLLECT_GCC=/Users/sousou04/.espressif/tools/xtensa-esp-elf/esp-13.2.0_20240530/xtensa-esp-elf/bin/xtensa-esp-elf-gcc
COLLECT_LTO_WRAPPER=/Users/sousou04/.espressif/tools/xtensa-esp-elf/esp-13.2.0_20240530/xtensa-esp-elf/bin/../libexec/gcc/xtensa-esp-elf/13.2.0/lto-wrapper
Target: xtensa-esp-elf
Configured with: /builds/idf/crosstool-NG/.build/HOST-x86_64-apple-darwin21.1/xtensa-esp-elf/src/gcc/configure --build=x86_64-build_pc-linux-gnu --host=x86_64-host_apple-darwin21.1 --target=xtensa-esp-elf --prefix=/builds/idf/crosstool-NG/builds/xtensa-esp-elf --exec_prefix=/builds/idf/crosstool-NG/builds/xtensa-esp-elf --with-local-prefix=/builds/idf/crosstool-NG/builds/xtensa-esp-elf/xtensa-esp-elf --with-sysroot=/builds/idf/crosstool-NG/builds/xtensa-esp-elf/xtensa-esp-elf --with-native-system-header-dir=/include --with-newlib --enable-threads=no --disable-shared --with-pkgversion='crosstool-NG esp-13.2.0_20240530' --disable-__cxa_atexit --enable-cxx-flags=-ffunction-sections --disable-libgomp --disable-libmudflap --disable-libmpx --disable-libssp --disable-libquadmath --disable-libquadmath-support --disable-libstdcxx-verbose --with-gmp=/builds/idf/crosstool-NG/.build/HOST-x86_64-apple-darwin21.1/xtensa-esp-elf/buildtools/complibs-host --with-mpfr=/builds/idf/crosstool-NG/.build/HOST-x86_64-apple-darwin21.1/xtensa-esp-elf/buildtools/complibs-host --with-mpc=/builds/idf/crosstool-NG/.build/HOST-x86_64-apple-darwin21.1/xtensa-esp-elf/buildtools/complibs-host --with-isl=/builds/idf/crosstool-NG/.build/HOST-x86_64-apple-darwin21.1/xtensa-esp-elf/buildtools/complibs-host --enable-lto --enable-target-optspace --without-long-double-128 --disable-nls --enable-multiarch --enable-languages=c,c++ --disable-libstdcxx-verbose --enable-threads=posix --enable-gcov-custom-rtio --enable-libstdcxx-time=yes
Thread model: posix
Supported LTO compression algorithms: zlib
gcc version 13.2.0 (crosstool-NG esp-13.2.0_20240530) 
COMPILER_PATH=/Users/sousou04/.espressif/tools/xtensa-esp-elf/esp-13.2.0_20240530/xtensa-esp-elf/bin/../libexec/gcc/xtensa-esp-elf/13.2.0/:/Users/sousou04/.espressif/tools/xtensa-esp-elf/esp-13.2.0_20240530/xtensa-esp-elf/bin/../libexec/gcc/:/Users/sousou04/.espressif/tools/xtensa-esp-elf/esp-13.2.0_20240530/xtensa-esp-elf/bin/../lib/gcc/xtensa-esp-elf/13.2.0/../../../../xtensa-esp-elf/bin/
LIBRARY_PATH=/Users/sousou04/.espressif/tools/xtensa-esp-elf/esp-13.2.0_20240530/xtensa-esp-elf/bin/../lib/gcc/xtensa-esp-elf/13.2.0/esp32s3/:/Users/sousou04/.espressif/tools/xtensa-esp-elf/esp-13.2.0_20240530/xtensa-esp-elf/bin/../lib/gcc/xtensa-esp-elf/13.2.0/../../../../xtensa-esp-elf/lib/esp32s3/:/Users/sousou04/.espressif/tools/xtensa-esp-elf/esp-13.2.0_20240530/xtensa-esp-elf/bin/../xtensa-esp-elf/lib/esp32s3/:/Users/sousou04/.espressif/tools/xtensa-esp-elf/esp-13.2.0_20240530/xtensa-esp-elf/bin/../lib/gcc/xtensa-esp-elf/13.2.0/:/Users/sousou04/.espressif/tools/xtensa-esp-elf/esp-13.2.0_20240530/xtensa-esp-elf/bin/../lib/gcc/:/Users/sousou04/.espressif/tools/xtensa-esp-elf/esp-13.2.0_20240530/xtensa-esp-elf/bin/../lib/gcc/xtensa-esp-elf/13.2.0/../../../../xtensa-esp-elf/lib/:/Users/sousou04/.espressif/tools/xtensa-esp-elf/esp-13.2.0_20240530/xtensa-esp-elf/bin/../xtensa-esp-elf/lib/:/Users/sousou04/.espressif/tools/xtensa-esp-elf/esp-13.2.0_20240530/xtensa-esp-elf/bin/../xtensa-esp-elf/usr/lib/
COLLECT_GCC_OPTIONS='-mdynconfig=xtensa_esp32s3.so' '-mlongcalls' '-fno-builtin-memcpy' '-fno-builtin-memset' '-fno-builtin-bzero' '-fno-builtin-stpcpy' '-fno-builtin-strncpy' '-v' '-o' 'cmTC_4edd5' '-dumpdir' 'cmTC_4edd5.'
 /Users/sousou04/.espressif/tools/xtensa-esp-elf/esp-13.2.0_20240530/xtensa-esp-elf/bin/../libexec/gcc/xtensa-esp-elf/13.2.0/collect2 -plugin /Users/sousou04/.espressif/tools/xtensa-esp-elf/esp-13.2.0_20240530/xtensa-esp-elf/bin/../libexec/gcc/xtensa-esp-elf/13.2.0/liblto_plugin.so -plugin-opt=/Users/sousou04/.espressif/tools/xtensa-esp-elf/esp-13.2.0_20240530/xtensa-esp-elf/bin/../libexec/gcc/xtensa-esp-elf/13.2.0/lto-wrapper -plugin-opt=-fresolution=/var/folders/cd/rnkfvxms36sbf1ppv4ffpw380000gn/T//ccjg5QEM.res -plugin-opt=-pass-through=-lgcc -plugin-opt=-pass-through=-lc -plugin-opt=-pass-through=-lnosys -plugin-opt=-pass-through=-lc -plugin-opt=-pass-through=-lgcc --sysroot=/Users/sousou04/.espressif/tools/xtensa-esp-elf/esp-13.2.0_20240530/xtensa-esp-elf/bin/../xtensa-esp-elf --dynconfig=xtensa_esp32s3.so -o cmTC_4edd5 /Users/sousou04/.espressif/tools/xtensa-esp-elf/esp-13.2.0_20240530/xtensa-esp-elf/bin/../lib/gcc/xtensa-esp-elf/13.2.0/../../../../xtensa-esp-elf/lib/esp32s3/crt0.o /Users/sousou04/.espressif/tools/xtensa-esp-elf/esp-13.2.0_20240530/xtensa-esp-elf/bin/../lib/gcc/xtensa-esp-elf/13.2.0/esp32s3/crti.o /Users/sousou04/.espressif/tools/xtensa-esp-elf/esp-13.2.0_20240530/xtensa-esp-elf/bin/../lib/gcc/xtensa-esp-elf/13.2.0/esp32s3/crtbegin.o -L/Users/sousou04/.espressif/tools/xtensa-esp-elf/esp-13.2.0_20240530/xtensa-esp-elf/bin/../lib/gcc/xtensa-esp-elf/13.2.0/esp32s3 -L/Users/sousou04/.espressif/tools/xtensa-esp-elf/esp-13.2.0_20240530/xtensa-esp-elf/bin/../lib/gcc/xtensa-esp-elf/13.2.0/../../../../xtensa-esp-elf/lib/esp32s3 -L/Users/sousou04/.espressif/tools/xtensa-esp-elf/esp-13.2.0_20240530/xtensa-esp-elf/bin/../xtensa-esp-elf/lib/esp32s3 -L/Users/sousou04/.espressif/tools/xtensa-esp-elf/esp-13.2.0_20240530/xtensa-esp-elf/bin/../lib/gcc/xtensa-esp-elf/13.2.0 -L/Users/sousou04/.espressif/tools/xtensa-esp-elf/esp-13.2.0_20240530/xtensa-esp-elf/bin/../lib/gcc -L/Users/sousou04/.espressif/tools/xtensa-esp-elf/esp-13.2.0_20240530/xtensa-esp-elf/bin/../lib/gcc/xtensa-esp-elf/13.2.0/../../../../xtensa-esp-elf/lib -L/Users/sousou04/.espressif/tools/xtensa-esp-elf/esp-13.2.0_20240530/xtensa-esp-elf/bin/../xtensa-esp-elf/lib -L/Users/sousou04/.espressif/tools/xtensa-esp-elf/esp-13.2.0_20240530/xtensa-esp-elf/bin/../xtensa-esp-elf/usr/lib CMakeFiles/cmTC_4edd5.dir/CMakeCCompilerABI.c.obj -lgcc -lc -lnosys -lc -lgcc /Users/sousou04/.espressif/tools/xtensa-esp-elf/esp-13.2.0_20240530/xtensa-esp-elf/bin/../lib/gcc/xtensa-esp-elf/13.2.0/esp32s3/crtend.o /Users/sousou04/.espressif/tools/xtensa-esp-elf/esp-13.2.0_20240530/xtensa-esp-elf/bin/../lib/gcc/xtensa-esp-elf/13.2.0/esp32s3/crtn.o
COLLECT_GCC_OPTIONS='-mdynconfig=xtensa_esp32s3.so' '-mlongcalls' '-fno-builtin-memcpy' '-fno-builtin-memset' '-fno-builtin-bzero' '-fno-builtin-stpcpy' '-fno-builtin-strncpy' '-v' '-o' 'cmTC_4edd5' '-dumpdir' 'cmTC_4edd5.'



Parsed C implicit include dir info from above output: rv=done
  found start of include info
  found start of implicit include info
    add: [/Users/sousou04/.espressif/tools/xtensa-esp-elf/esp-13.2.0_20240530/xtensa-esp-elf/bin/../lib/gcc/xtensa-esp-elf/13.2.0/include]
    add: [/Users/sousou04/.espressif/tools/xtensa-esp-elf/esp-13.2.0_20240530/xtensa-esp-elf/bin/../lib/gcc/xtensa-esp-elf/13.2.0/include-fixed]
    add: [/Users/sousou04/.espressif/tools/xtensa-esp-elf/esp-13.2.0_20240530/xtensa-esp-elf/bin/../lib/gcc/xtensa-esp-elf/13.2.0/../../../../xtensa-esp-elf/include]
  end of search list found
  collapse include dir [/Users/sousou04/.espressif/tools/xtensa-esp-elf/esp-13.2.0_20240530/xtensa-esp-elf/bin/../lib/gcc/xtensa-esp-elf/13.2.0/include] ==> [/Users/sousou04/.espressif/tools/xtensa-esp-elf/esp-13.2.0_20240530/xtensa-esp-elf/lib/gcc/xtensa-esp-elf/13.2.0/include]
  collapse include dir [/Users/sousou04/.espressif/tools/xtensa-esp-elf/esp-13.2.0_20240530/xtensa-esp-elf/bin/../lib/gcc/xtensa-esp-elf/13.2.0/include-fixed] ==> [/Users/sousou04/.espressif/tools/xtensa-esp-elf/esp-13.2.0_20240530/xtensa-esp-elf/lib/gcc/xtensa-esp-elf/13.2.0/include-fixed]
  collapse include dir [/Users/sousou04/.espressif/tools/xtensa-esp-elf/esp-13.2.0_20240530/xtensa-esp-elf/bin/../lib/gcc/xtensa-esp-elf/13.2.0/../../../../xtensa-esp-elf/include] ==> [/Users/sousou04/.espressif/tools/xtensa-esp-elf/esp-13.2.0_20240530/xtensa-esp-elf/xtensa-esp-elf/include]
  implicit include dirs: [/Users/sousou04/.espressif/tools/xtensa-esp-elf/esp-13.2.0_20240530/xtensa-esp-elf/lib/gcc/xtensa-esp-elf/13.2.0/include;/Users/sousou04/.espressif/tools/xtensa-esp-elf/esp-13.2.0_20240530/xtensa-esp-elf/lib/gcc/xtensa-esp-elf/13.2.0/include-fixed;/Users/sousou04/.espressif/tools/xtensa-esp-elf/esp-13.2.0_20240530/xtensa-esp-elf/xtensa-esp-elf/include]


Parsed C implicit link information from above output:
  link line regex: [^( *|.*[/\])(xtensa-esp32s3-elf-ld|CMAKE_LINK_STARTFILE-NOTFOUND|([^/\]+-)?ld|collect2)[^/\]*( |$)]
  ignore line: [Change Dir: /Users/sousou04/Documents/Armageddon v3.0.0/Armageddon_V3.0.0/build/bootloader/CMakeFiles/CMakeTmp]
  ignore line: []
  ignore line: [Run Build Command(s):/Users/sousou04/.espressif/tools/ninja/1.11.1/ninja cmTC_4edd5 && [1/2] Building C object CMakeFiles/cmTC_4edd5.dir/CMakeCCompilerABI.c.obj]
  ignore line: [Using built-in specs.]
  ignore line: [COLLECT_GCC=/Users/sousou04/.espressif/tools/xtensa-esp-elf/esp-13.2.0_20240530/xtensa-esp-elf/bin/xtensa-esp-elf-gcc]
  ignore line: [Target: xtensa-esp-elf]
  ignore line: [Configured with: /builds/idf/crosstool-NG/.build/HOST-x86_64-apple-darwin21.1/xtensa-esp-elf/src/gcc/configure --build=x86_64-build_pc-linux-gnu --host=x86_64-host_apple-darwin21.1 --target=xtensa-esp-elf --prefix=/builds/idf/crosstool-NG/builds/xtensa-esp-elf --exec_prefix=/builds/idf/crosstool-NG/builds/xtensa-esp-elf --with-local-prefix=/builds/idf/crosstool-NG/builds/xtensa-esp-elf/xtensa-esp-elf --with-sysroot=/builds/idf/crosstool-NG/builds/xtensa-esp-elf/xtensa-esp-elf --with-native-system-header-dir=/include --with-newlib --enable-threads=no --disable-shared --with-pkgversion='crosstool-NG esp-13.2.0_20240530' --disable-__cxa_atexit --enable-cxx-flags=-ffunction-sections --disable-libgomp --disable-libmudflap --disable-libmpx --disable-libssp --disable-libquadmath --disable-libquadmath-support --disable-libstdcxx-verbose --with-gmp=/builds/idf/crosstool-NG/.build/HOST-x86_64-apple-darwin21.1/xtensa-esp-elf/buildtools/complibs-host --with-mpfr=/builds/idf/crosstool-NG/.build/HOST-x86_64-apple-darwin21.1/xtensa-esp-elf/buildtools/complibs-host --with-mpc=/builds/idf/crosstool-NG/.build/HOST-x86_64-apple-darwin21.1/xtensa-esp-elf/buildtools/complibs-host --with-isl=/builds/idf/crosstool-NG/.build/HOST-x86_64-apple-darwin21.1/xtensa-esp-elf/buildtools/complibs-host --enable-lto --enable-target-optspace --without-long-double-128 --disable-nls --enable-multiarch --enable-languages=c c++ --disable-libstdcxx-verbose --enable-threads=posix --enable-gcov-custom-rtio --enable-libstdcxx-time=yes]
  ignore line: [Thread model: posix]
  ignore line: [Supported LTO compression algorithms: zlib]
  ignore line: [gcc version 13.2.0 (crosstool-NG esp-13.2.0_20240530) ]
  ignore line: [COLLECT_GCC_OPTIONS='-mdynconfig=xtensa_esp32s3.so' '-mlongcalls' '-fno-builtin-memcpy' '-fno-builtin-memset' '-fno-builtin-bzero' '-fno-builtin-stpcpy' '-fno-builtin-strncpy' '-v' '-o' 'CMakeFiles/cmTC_4edd5.dir/CMakeCCompilerABI.c.obj' '-c' '-dumpdir' 'CMakeFiles/cmTC_4edd5.dir/']
  ignore line: [ /Users/sousou04/.espressif/tools/xtensa-esp-elf/esp-13.2.0_20240530/xtensa-esp-elf/bin/../libexec/gcc/xtensa-esp-elf/13.2.0/cc1 -quiet -v -imultilib esp32s3 -iprefix /Users/sousou04/.espressif/tools/xtensa-esp-elf/esp-13.2.0_20240530/xtensa-esp-elf/bin/../lib/gcc/xtensa-esp-elf/13.2.0/ -isysroot /Users/sousou04/.espressif/tools/xtensa-esp-elf/esp-13.2.0_20240530/xtensa-esp-elf/bin/../xtensa-esp-elf /Users/sousou04/.espressif/tools/cmake/3.24.0/CMake.app/Contents/share/cmake-3.24/Modules/CMakeCCompilerABI.c -quiet -dumpdir CMakeFiles/cmTC_4edd5.dir/ -dumpbase CMakeCCompilerABI.c.c -dumpbase-ext .c -mdynconfig=xtensa_esp32s3.so -mlongcalls -version -fno-builtin-memcpy -fno-builtin-memset -fno-builtin-bzero -fno-builtin-stpcpy -fno-builtin-strncpy -o /var/folders/cd/rnkfvxms36sbf1ppv4ffpw380000gn/T//ccdOrzXj.s]
  ignore line: [GNU C17 (crosstool-NG esp-13.2.0_20240530) version 13.2.0 (xtensa-esp-elf)]
  ignore line: [	compiled by GNU C version 8.3.0  GMP version 6.2.1  MPFR version 4.2.1  MPC version 1.2.1  isl version isl-0.26-GMP]
  ignore line: []
  ignore line: [GGC heuristics: --param ggc-min-expand=100 --param ggc-min-heapsize=131072]
  ignore line: [ignoring duplicate directory "/Users/sousou04/.espressif/tools/xtensa-esp-elf/esp-13.2.0_20240530/xtensa-esp-elf/bin/../lib/gcc/../../lib/gcc/xtensa-esp-elf/13.2.0/include"]
  ignore line: [ignoring nonexistent directory "/Users/sousou04/.espressif/tools/xtensa-esp-elf/esp-13.2.0_20240530/xtensa-esp-elf/bin/../xtensa-esp-elf/builds/idf/crosstool-NG/builds/xtensa-esp-elf/xtensa-esp-elf/include"]
  ignore line: [ignoring duplicate directory "/Users/sousou04/.espressif/tools/xtensa-esp-elf/esp-13.2.0_20240530/xtensa-esp-elf/bin/../lib/gcc/../../lib/gcc/xtensa-esp-elf/13.2.0/include-fixed"]
  ignore line: [ignoring duplicate directory "/Users/sousou04/.espressif/tools/xtensa-esp-elf/esp-13.2.0_20240530/xtensa-esp-elf/bin/../lib/gcc/../../lib/gcc/xtensa-esp-elf/13.2.0/../../../../xtensa-esp-elf/include"]
  ignore line: [ignoring duplicate directory "/Users/sousou04/.espressif/tools/xtensa-esp-elf/esp-13.2.0_20240530/xtensa-esp-elf/bin/../xtensa-esp-elf/include"]
  ignore line: [#include "..." search starts here:]
  ignore line: [#include <...> search starts here:]
  ignore line: [ /Users/sousou04/.espressif/tools/xtensa-esp-elf/esp-13.2.0_20240530/xtensa-esp-elf/bin/../lib/gcc/xtensa-esp-elf/13.2.0/include]
  ignore line: [ /Users/sousou04/.espressif/tools/xtensa-esp-elf/esp-13.2.0_20240530/xtensa-esp-elf/bin/../lib/gcc/xtensa-esp-elf/13.2.0/include-fixed]
  ignore line: [ /Users/sousou04/.espressif/tools/xtensa-esp-elf/esp-13.2.0_20240530/xtensa-esp-elf/bin/../lib/gcc/xtensa-esp-elf/13.2.0/../../../../xtensa-esp-elf/include]
  ignore line: [End of search list.]
  ignore line: [Compiler executable checksum: 665fb6a6de032bd80ebc0b75b5697aef]
  ignore line: [COLLECT_GCC_OPTIONS='-mdynconfig=xtensa_esp32s3.so' '-mlongcalls' '-fno-builtin-memcpy' '-fno-builtin-memset' '-fno-builtin-bzero' '-fno-builtin-stpcpy' '-fno-builtin-strncpy' '-v' '-o' 'CMakeFiles/cmTC_4edd5.dir/CMakeCCompilerABI.c.obj' '-c' '-dumpdir' 'CMakeFiles/cmTC_4edd5.dir/']
  ignore line: [ /Users/sousou04/.espressif/tools/xtensa-esp-elf/esp-13.2.0_20240530/xtensa-esp-elf/bin/../lib/gcc/xtensa-esp-elf/13.2.0/../../../../xtensa-esp-elf/bin/as --traditional-format --longcalls --dynconfig=xtensa_esp32s3.so -o CMakeFiles/cmTC_4edd5.dir/CMakeCCompilerABI.c.obj /var/folders/cd/rnkfvxms36sbf1ppv4ffpw380000gn/T//ccdOrzXj.s]
  ignore line: [COMPILER_PATH=/Users/sousou04/.espressif/tools/xtensa-esp-elf/esp-13.2.0_20240530/xtensa-esp-elf/bin/../libexec/gcc/xtensa-esp-elf/13.2.0/:/Users/sousou04/.espressif/tools/xtensa-esp-elf/esp-13.2.0_20240530/xtensa-esp-elf/bin/../libexec/gcc/:/Users/sousou04/.espressif/tools/xtensa-esp-elf/esp-13.2.0_20240530/xtensa-esp-elf/bin/../lib/gcc/xtensa-esp-elf/13.2.0/../../../../xtensa-esp-elf/bin/]
  ignore line: [LIBRARY_PATH=/Users/sousou04/.espressif/tools/xtensa-esp-elf/esp-13.2.0_20240530/xtensa-esp-elf/bin/../lib/gcc/xtensa-esp-elf/13.2.0/esp32s3/:/Users/sousou04/.espressif/tools/xtensa-esp-elf/esp-13.2.0_20240530/xtensa-esp-elf/bin/../lib/gcc/xtensa-esp-elf/13.2.0/../../../../xtensa-esp-elf/lib/esp32s3/:/Users/sousou04/.espressif/tools/xtensa-esp-elf/esp-13.2.0_20240530/xtensa-esp-elf/bin/../xtensa-esp-elf/lib/esp32s3/:/Users/sousou04/.espressif/tools/xtensa-esp-elf/esp-13.2.0_20240530/xtensa-esp-elf/bin/../lib/gcc/xtensa-esp-elf/13.2.0/:/Users/sousou04/.espressif/tools/xtensa-esp-elf/esp-13.2.0_20240530/xtensa-esp-elf/bin/../lib/gcc/:/Users/sousou04/.espressif/tools/xtensa-esp-elf/esp-13.2.0_20240530/xtensa-esp-elf/bin/../lib/gcc/xtensa-esp-elf/13.2.0/../../../../xtensa-esp-elf/lib/:/Users/sousou04/.espressif/tools/xtensa-esp-elf/esp-13.2.0_20240530/xtensa-esp-elf/bin/../xtensa-esp-elf/lib/:/Users/sousou04/.espressif/tools/xtensa-esp-elf/esp-13.2.0_20240530/xtensa-esp-elf/bin/../xtensa-esp-elf/usr/lib/]
  ignore line: [COLLECT_GCC_OPTIONS='-mdynconfig=xtensa_esp32s3.so' '-mlongcalls' '-fno-builtin-memcpy' '-fno-builtin-memset' '-fno-builtin-bzero' '-fno-builtin-stpcpy' '-fno-builtin-strncpy' '-v' '-o' 'CMakeFiles/cmTC_4edd5.dir/CMakeCCompilerABI.c.obj' '-c' '-dumpdir' 'CMakeFiles/cmTC_4edd5.dir/CMakeCCompilerABI.c.']
  ignore line: [[2/2] Linking C executable cmTC_4edd5]
  ignore line: [Using built-in specs.]
  ignore line: [COLLECT_GCC=/Users/sousou04/.espressif/tools/xtensa-esp-elf/esp-13.2.0_20240530/xtensa-esp-elf/bin/xtensa-esp-elf-gcc]
  ignore line: [COLLECT_LTO_WRAPPER=/Users/sousou04/.espressif/tools/xtensa-esp-elf/esp-13.2.0_20240530/xtensa-esp-elf/bin/../libexec/gcc/xtensa-esp-elf/13.2.0/lto-wrapper]
  ignore line: [Target: xtensa-esp-elf]
  ignore line: [Configured with: /builds/idf/crosstool-NG/.build/HOST-x86_64-apple-darwin21.1/xtensa-esp-elf/src/gcc/configure --build=x86_64-build_pc-linux-gnu --host=x86_64-host_apple-darwin21.1 --target=xtensa-esp-elf --prefix=/builds/idf/crosstool-NG/builds/xtensa-esp-elf --exec_prefix=/builds/idf/crosstool-NG/builds/xtensa-esp-elf --with-local-prefix=/builds/idf/crosstool-NG/builds/xtensa-esp-elf/xtensa-esp-elf --with-sysroot=/builds/idf/crosstool-NG/builds/xtensa-esp-elf/xtensa-esp-elf --with-native-system-header-dir=/include --with-newlib --enable-threads=no --disable-shared --with-pkgversion='crosstool-NG esp-13.2.0_20240530' --disable-__cxa_atexit --enable-cxx-flags=-ffunction-sections --disable-libgomp --disable-libmudflap --disable-libmpx --disable-libssp --disable-libquadmath --disable-libquadmath-support --disable-libstdcxx-verbose --with-gmp=/builds/idf/crosstool-NG/.build/HOST-x86_64-apple-darwin21.1/xtensa-esp-elf/buildtools/complibs-host --with-mpfr=/builds/idf/crosstool-NG/.build/HOST-x86_64-apple-darwin21.1/xtensa-esp-elf/buildtools/complibs-host --with-mpc=/builds/idf/crosstool-NG/.build/HOST-x86_64-apple-darwin21.1/xtensa-esp-elf/buildtools/complibs-host --with-isl=/builds/idf/crosstool-NG/.build/HOST-x86_64-apple-darwin21.1/xtensa-esp-elf/buildtools/complibs-host --enable-lto --enable-target-optspace --without-long-double-128 --disable-nls --enable-multiarch --enable-languages=c c++ --disable-libstdcxx-verbose --enable-threads=posix --enable-gcov-custom-rtio --enable-libstdcxx-time=yes]
  ignore line: [Thread model: posix]
  ignore line: [Supported LTO compression algorithms: zlib]
  ignore line: [gcc version 13.2.0 (crosstool-NG esp-13.2.0_20240530) ]
  ignore line: [COMPILER_PATH=/Users/sousou04/.espressif/tools/xtensa-esp-elf/esp-13.2.0_20240530/xtensa-esp-elf/bin/../libexec/gcc/xtensa-esp-elf/13.2.0/:/Users/sousou04/.espressif/tools/xtensa-esp-elf/esp-13.2.0_20240530/xtensa-esp-elf/bin/../libexec/gcc/:/Users/sousou04/.espressif/tools/xtensa-esp-elf/esp-13.2.0_20240530/xtensa-esp-elf/bin/../lib/gcc/xtensa-esp-elf/13.2.0/../../../../xtensa-esp-elf/bin/]
  ignore line: [LIBRARY_PATH=/Users/sousou04/.espressif/tools/xtensa-esp-elf/esp-13.2.0_20240530/xtensa-esp-elf/bin/../lib/gcc/xtensa-esp-elf/13.2.0/esp32s3/:/Users/sousou04/.espressif/tools/xtensa-esp-elf/esp-13.2.0_20240530/xtensa-esp-elf/bin/../lib/gcc/xtensa-esp-elf/13.2.0/../../../../xtensa-esp-elf/lib/esp32s3/:/Users/sousou04/.espressif/tools/xtensa-esp-elf/esp-13.2.0_20240530/xtensa-esp-elf/bin/../xtensa-esp-elf/lib/esp32s3/:/Users/sousou04/.espressif/tools/xtensa-esp-elf/esp-13.2.0_20240530/xtensa-esp-elf/bin/../lib/gcc/xtensa-esp-elf/13.2.0/:/Users/sousou04/.espressif/tools/xtensa-esp-elf/esp-13.2.0_20240530/xtensa-esp-elf/bin/../lib/gcc/:/Users/sousou04/.espressif/tools/xtensa-esp-elf/esp-13.2.0_20240530/xtensa-esp-elf/bin/../lib/gcc/xtensa-esp-elf/13.2.0/../../../../xtensa-esp-elf/lib/:/Users/sousou04/.espressif/tools/xtensa-esp-elf/esp-13.2.0_20240530/xtensa-esp-elf/bin/../xtensa-esp-elf/lib/:/Users/sousou04/.espressif/tools/xtensa-esp-elf/esp-13.2.0_20240530/xtensa-esp-elf/bin/../xtensa-esp-elf/usr/lib/]
  ignore line: [COLLECT_GCC_OPTIONS='-mdynconfig=xtensa_esp32s3.so' '-mlongcalls' '-fno-builtin-memcpy' '-fno-builtin-memset' '-fno-builtin-bzero' '-fno-builtin-stpcpy' '-fno-builtin-strncpy' '-v' '-o' 'cmTC_4edd5' '-dumpdir' 'cmTC_4edd5.']
  link line: [ /Users/sousou04/.espressif/tools/xtensa-esp-elf/esp-13.2.0_20240530/xtensa-esp-elf/bin/../libexec/gcc/xtensa-esp-elf/13.2.0/collect2 -plugin /Users/sousou04/.espressif/tools/xtensa-esp-elf/esp-13.2.0_20240530/xtensa-esp-elf/bin/../libexec/gcc/xtensa-esp-elf/13.2.0/liblto_plugin.so -plugin-opt=/Users/sousou04/.espressif/tools/xtensa-esp-elf/esp-13.2.0_20240530/xtensa-esp-elf/bin/../libexec/gcc/xtensa-esp-elf/13.2.0/lto-wrapper -plugin-opt=-fresolution=/var/folders/cd/rnkfvxms36sbf1ppv4ffpw380000gn/T//ccjg5QEM.res -plugin-opt=-pass-through=-lgcc -plugin-opt=-pass-through=-lc -plugin-opt=-pass-through=-lnosys -plugin-opt=-pass-through=-lc -plugin-opt=-pass-through=-lgcc --sysroot=/Users/sousou04/.espressif/tools/xtensa-esp-elf/esp-13.2.0_20240530/xtensa-esp-elf/bin/../xtensa-esp-elf --dynconfig=xtensa_esp32s3.so -o cmTC_4edd5 /Users/sousou04/.espressif/tools/xtensa-esp-elf/esp-13.2.0_20240530/xtensa-esp-elf/bin/../lib/gcc/xtensa-esp-elf/13.2.0/../../../../xtensa-esp-elf/lib/esp32s3/crt0.o /Users/sousou04/.espressif/tools/xtensa-esp-elf/esp-13.2.0_20240530/xtensa-esp-elf/bin/../lib/gcc/xtensa-esp-elf/13.2.0/esp32s3/crti.o /Users/sousou04/.espressif/tools/xtensa-esp-elf/esp-13.2.0_20240530/xtensa-esp-elf/bin/../lib/gcc/xtensa-esp-elf/13.2.0/esp32s3/crtbegin.o -L/Users/sousou04/.espressif/tools/xtensa-esp-elf/esp-13.2.0_20240530/xtensa-esp-elf/bin/../lib/gcc/xtensa-esp-elf/13.2.0/esp32s3 -L/Users/sousou04/.espressif/tools/xtensa-esp-elf/esp-13.2.0_20240530/xtensa-esp-elf/bin/../lib/gcc/xtensa-esp-elf/13.2.0/../../../../xtensa-esp-elf/lib/esp32s3 -L/Users/sousou04/.espressif/tools/xtensa-esp-elf/esp-13.2.0_20240530/xtensa-esp-elf/bin/../xtensa-esp-elf/lib/esp32s3 -L/Users/sousou04/.espressif/tools/xtensa-esp-elf/esp-13.2.0_20240530/xtensa-esp-elf/bin/../lib/gcc/xtensa-esp-elf/13.2.0 -L/Users/sousou04/.espressif/tools/xtensa-esp-elf/esp-13.2.0_20240530/xtensa-esp-elf/bin/../lib/gcc -L/Users/sousou04/.espressif/tools/xtensa-esp-elf/esp-13.2.0_20240530/xtensa-esp-elf/bin/../lib/gcc/xtensa-esp-elf/13.2.0/../../../../xtensa-esp-elf/lib -L/Users/sousou04/.espressif/tools/xtensa-esp-elf/esp-13.2.0_20240530/xtensa-esp-elf/bin/../xtensa-esp-elf/lib -L/Users/sousou04/.espressif/tools/xtensa-esp-elf/esp-13.2.0_20240530/xtensa-esp-elf/bin/../xtensa-esp-elf/usr/lib CMakeFiles/cmTC_4edd5.dir/CMakeCCompilerABI.c.obj -lgcc -lc -lnosys -lc -lgcc /Users/sousou04/.espressif/tools/xtensa-esp-elf/esp-13.2.0_20240530/xtensa-esp-elf/bin/../lib/gcc/xtensa-esp-elf/13.2.0/esp32s3/crtend.o /Users/sousou04/.espressif/tools/xtensa-esp-elf/esp-13.2.0_20240530/xtensa-esp-elf/bin/../lib/gcc/xtensa-esp-elf/13.2.0/esp32s3/crtn.o]
    arg [/Users/sousou04/.espressif/tools/xtensa-esp-elf/esp-13.2.0_20240530/xtensa-esp-elf/bin/../libexec/gcc/xtensa-esp-elf/13.2.0/collect2] ==> ignore
    arg [-plugin] ==> ignore
    arg [/Users/sousou04/.espressif/tools/xtensa-esp-elf/esp-13.2.0_20240530/xtensa-esp-elf/bin/../libexec/gcc/xtensa-esp-elf/13.2.0/liblto_plugin.so] ==> ignore
    arg [-plugin-opt=/Users/sousou04/.espressif/tools/xtensa-esp-elf/esp-13.2.0_20240530/xtensa-esp-elf/bin/../libexec/gcc/xtensa-esp-elf/13.2.0/lto-wrapper] ==> ignore
    arg [-plugin-opt=-fresolution=/var/folders/cd/rnkfvxms36sbf1ppv4ffpw380000gn/T//ccjg5QEM.res] ==> ignore
    arg [-plugin-opt=-pass-through=-lgcc] ==> ignore
    arg [-plugin-opt=-pass-through=-lc] ==> ignore
    arg [-plugin-opt=-pass-through=-lnosys] ==> ignore
    arg [-plugin-opt=-pass-through=-lc] ==> ignore
    arg [-plugin-opt=-pass-through=-lgcc] ==> ignore
    arg [--sysroot=/Users/sousou04/.espressif/tools/xtensa-esp-elf/esp-13.2.0_20240530/xtensa-esp-elf/bin/../xtensa-esp-elf] ==> ignore
    arg [--dynconfig=xtensa_esp32s3.so] ==> ignore
    arg [-o] ==> ignore
    arg [cmTC_4edd5] ==> ignore
    arg [/Users/sousou04/.espressif/tools/xtensa-esp-elf/esp-13.2.0_20240530/xtensa-esp-elf/bin/../lib/gcc/xtensa-esp-elf/13.2.0/../../../../xtensa-esp-elf/lib/esp32s3/crt0.o] ==> obj [/Users/sousou04/.espressif/tools/xtensa-esp-elf/esp-13.2.0_20240530/xtensa-esp-elf/bin/../lib/gcc/xtensa-esp-elf/13.2.0/../../../../xtensa-esp-elf/lib/esp32s3/crt0.o]
    arg [/Users/sousou04/.espressif/tools/xtensa-esp-elf/esp-13.2.0_20240530/xtensa-esp-elf/bin/../lib/gcc/xtensa-esp-elf/13.2.0/esp32s3/crti.o] ==> obj [/Users/sousou04/.espressif/tools/xtensa-esp-elf/esp-13.2.0_20240530/xtensa-esp-elf/bin/../lib/gcc/xtensa-esp-elf/13.2.0/esp32s3/crti.o]
    arg [/Users/sousou04/.espressif/tools/xtensa-esp-elf/esp-13.2.0_20240530/xtensa-esp-elf/bin/../lib/gcc/xtensa-esp-elf/13.2.0/esp32s3/crtbegin.o] ==> obj [/Users/sousou04/.espressif/tools/xtensa-esp-elf/esp-13.2.0_20240530/xtensa-esp-elf/bin/../lib/gcc/xtensa-esp-elf/13.2.0/esp32s3/crtbegin.o]
    arg [-L/Users/sousou04/.espressif/tools/xtensa-esp-elf/esp-13.2.0_20240530/xtensa-esp-elf/bin/../lib/gcc/xtensa-esp-elf/13.2.0/esp32s3] ==> dir [/Users/sousou04/.espressif/tools/xtensa-esp-elf/esp-13.2.0_20240530/xtensa-esp-elf/bin/../lib/gcc/xtensa-esp-elf/13.2.0/esp32s3]
    arg [-L/Users/sousou04/.espressif/tools/xtensa-esp-elf/esp-13.2.0_20240530/xtensa-esp-elf/bin/../lib/gcc/xtensa-esp-elf/13.2.0/../../../../xtensa-esp-elf/lib/esp32s3] ==> dir [/Users/sousou04/.espressif/tools/xtensa-esp-elf/esp-13.2.0_20240530/xtensa-esp-elf/bin/../lib/gcc/xtensa-esp-elf/13.2.0/../../../../xtensa-esp-elf/lib/esp32s3]
    arg [-L/Users/sousou04/.espressif/tools/xtensa-esp-elf/esp-13.2.0_20240530/xtensa-esp-elf/bin/../xtensa-esp-elf/lib/esp32s3] ==> dir [/Users/sousou04/.espressif/tools/xtensa-esp-elf/esp-13.2.0_20240530/xtensa-esp-elf/bin/../xtensa-esp-elf/lib/esp32s3]
    arg [-L/Users/sousou04/.espressif/tools/xtensa-esp-elf/esp-13.2.0_20240530/xtensa-esp-elf/bin/../lib/gcc/xtensa-esp-elf/13.2.0] ==> dir [/Users/sousou04/.espressif/tools/xtensa-esp-elf/esp-13.2.0_20240530/xtensa-esp-elf/bin/../lib/gcc/xtensa-esp-elf/13.2.0]
    arg [-L/Users/sousou04/.espressif/tools/xtensa-esp-elf/esp-13.2.0_20240530/xtensa-esp-elf/bin/../lib/gcc] ==> dir [/Users/sousou04/.espressif/tools/xtensa-esp-elf/esp-13.2.0_20240530/xtensa-esp-elf/bin/../lib/gcc]
    arg [-L/Users/sousou04/.espressif/tools/xtensa-esp-elf/esp-13.2.0_20240530/xtensa-esp-elf/bin/../lib/gcc/xtensa-esp-elf/13.2.0/../../../../xtensa-esp-elf/lib] ==> dir [/Users/sousou04/.espressif/tools/xtensa-esp-elf/esp-13.2.0_20240530/xtensa-esp-elf/bin/../lib/gcc/xtensa-esp-elf/13.2.0/../../../../xtensa-esp-elf/lib]
    arg [-L/Users/sousou04/.espressif/tools/xtensa-esp-elf/esp-13.2.0_20240530/xtensa-esp-elf/bin/../xtensa-esp-elf/lib] ==> dir [/Users/sousou04/.espressif/tools/xtensa-esp-elf/esp-13.2.0_20240530/xtensa-esp-elf/bin/../xtensa-esp-elf/lib]
    arg [-L/Users/sousou04/.espressif/tools/xtensa-esp-elf/esp-13.2.0_20240530/xtensa-esp-elf/bin/../xtensa-esp-elf/usr/lib] ==> dir [/Users/sousou04/.espressif/tools/xtensa-esp-elf/esp-13.2.0_20240530/xtensa-esp-elf/bin/../xtensa-esp-elf/usr/lib]
    arg [CMakeFiles/cmTC_4edd5.dir/CMakeCCompilerABI.c.obj] ==> ignore
    arg [-lgcc] ==> lib [gcc]
    arg [-lc] ==> lib [c]
    arg [-lnosys] ==> lib [nosys]
    arg [-lc] ==> lib [c]
    arg [-lgcc] ==> lib [gcc]
    arg [/Users/sousou04/.espressif/tools/xtensa-esp-elf/esp-13.2.0_20240530/xtensa-esp-elf/bin/../lib/gcc/xtensa-esp-elf/13.2.0/esp32s3/crtend.o] ==> obj [/Users/sousou04/.espressif/tools/xtensa-esp-elf/esp-13.2.0_20240530/xtensa-esp-elf/bin/../lib/gcc/xtensa-esp-elf/13.2.0/esp32s3/crtend.o]
    arg [/Users/sousou04/.espressif/tools/xtensa-esp-elf/esp-13.2.0_20240530/xtensa-esp-elf/bin/../lib/gcc/xtensa-esp-elf/13.2.0/esp32s3/crtn.o] ==> obj [/Users/sousou04/.espressif/tools/xtensa-esp-elf/esp-13.2.0_20240530/xtensa-esp-elf/bin/../lib/gcc/xtensa-esp-elf/13.2.0/esp32s3/crtn.o]
  collapse obj [/Users/sousou04/.espressif/tools/xtensa-esp-elf/esp-13.2.0_20240530/xtensa-esp-elf/bin/../lib/gcc/xtensa-esp-elf/13.2.0/../../../../xtensa-esp-elf/lib/esp32s3/crt0.o] ==> [/Users/sousou04/.espressif/tools/xtensa-esp-elf/esp-13.2.0_20240530/xtensa-esp-elf/xtensa-esp-elf/lib/esp32s3/crt0.o]
  collapse obj [/Users/sousou04/.espressif/tools/xtensa-esp-elf/esp-13.2.0_20240530/xtensa-esp-elf/bin/../lib/gcc/xtensa-esp-elf/13.2.0/esp32s3/crti.o] ==> [/Users/sousou04/.espressif/tools/xtensa-esp-elf/esp-13.2.0_20240530/xtensa-esp-elf/lib/gcc/xtensa-esp-elf/13.2.0/esp32s3/crti.o]
  collapse obj [/Users/sousou04/.espressif/tools/xtensa-esp-elf/esp-13.2.0_20240530/xtensa-esp-elf/bin/../lib/gcc/xtensa-esp-elf/13.2.0/esp32s3/crtbegin.o] ==> [/Users/sousou04/.espressif/tools/xtensa-esp-elf/esp-13.2.0_20240530/xtensa-esp-elf/lib/gcc/xtensa-esp-elf/13.2.0/esp32s3/crtbegin.o]
  collapse obj [/Users/sousou04/.espressif/tools/xtensa-esp-elf/esp-13.2.0_20240530/xtensa-esp-elf/bin/../lib/gcc/xtensa-esp-elf/13.2.0/esp32s3/crtend.o] ==> [/Users/sousou04/.espressif/tools/xtensa-esp-elf/esp-13.2.0_20240530/xtensa-esp-elf/lib/gcc/xtensa-esp-elf/13.2.0/esp32s3/crtend.o]
  collapse obj [/Users/sousou04/.espressif/tools/xtensa-esp-elf/esp-13.2.0_20240530/xtensa-esp-elf/bin/../lib/gcc/xtensa-esp-elf/13.2.0/esp32s3/crtn.o] ==> [/Users/sousou04/.espressif/tools/xtensa-esp-elf/esp-13.2.0_20240530/xtensa-esp-elf/lib/gcc/xtensa-esp-elf/13.2.0/esp32s3/crtn.o]
  collapse library dir [/Users/sousou04/.espressif/tools/xtensa-esp-elf/esp-13.2.0_20240530/xtensa-esp-elf/bin/../lib/gcc/xtensa-esp-elf/13.2.0/esp32s3] ==> [/Users/sousou04/.espressif/tools/xtensa-esp-elf/esp-13.2.0_20240530/xtensa-esp-elf/lib/gcc/xtensa-esp-elf/13.2.0/esp32s3]
  collapse library dir [/Users/sousou04/.espressif/tools/xtensa-esp-elf/esp-13.2.0_20240530/xtensa-esp-elf/bin/../lib/gcc/xtensa-esp-elf/13.2.0/../../../../xtensa-esp-elf/lib/esp32s3] ==> [/Users/sousou04/.espressif/tools/xtensa-esp-elf/esp-13.2.0_20240530/xtensa-esp-elf/xtensa-esp-elf/lib/esp32s3]
  collapse library dir [/Users/sousou04/.espressif/tools/xtensa-esp-elf/esp-13.2.0_20240530/xtensa-esp-elf/bin/../xtensa-esp-elf/lib/esp32s3] ==> [/Users/sousou04/.espressif/tools/xtensa-esp-elf/esp-13.2.0_20240530/xtensa-esp-elf/xtensa-esp-elf/lib/esp32s3]
  collapse library dir [/Users/sousou04/.espressif/tools/xtensa-esp-elf/esp-13.2.0_20240530/xtensa-esp-elf/bin/../lib/gcc/xtensa-esp-elf/13.2.0] ==> [/Users/sousou04/.espressif/tools/xtensa-esp-elf/esp-13.2.0_20240530/xtensa-esp-elf/lib/gcc/xtensa-esp-elf/13.2.0]
  collapse library dir [/Users/sousou04/.espressif/tools/xtensa-esp-elf/esp-13.2.0_20240530/xtensa-esp-elf/bin/../lib/gcc] ==> [/Users/sousou04/.espressif/tools/xtensa-esp-elf/esp-13.2.0_20240530/xtensa-esp-elf/lib/gcc]
  collapse library dir [/Users/sousou04/.espressif/tools/xtensa-esp-elf/esp-13.2.0_20240530/xtensa-esp-elf/bin/../lib/gcc/xtensa-esp-elf/13.2.0/../../../../xtensa-esp-elf/lib] ==> [/Users/sousou04/.espressif/tools/xtensa-esp-elf/esp-13.2.0_20240530/xtensa-esp-elf/xtensa-esp-elf/lib]
  collapse library dir [/Users/sousou04/.espressif/tools/xtensa-esp-elf/esp-13.2.0_20240530/xtensa-esp-elf/bin/../xtensa-esp-elf/lib] ==> [/Users/sousou04/.espressif/tools/xtensa-esp-elf/esp-13.2.0_20240530/xtensa-esp-elf/xtensa-esp-elf/lib]
  collapse library dir [/Users/sousou04/.espressif/tools/xtensa-esp-elf/esp-13.2.0_20240530/xtensa-esp-elf/bin/../xtensa-esp-elf/usr/lib] ==> [/Users/sousou04/.espressif/tools/xtensa-esp-elf/esp-13.2.0_20240530/xtensa-esp-elf/xtensa-esp-elf/usr/lib]
  implicit libs: [gcc;c;nosys;c;gcc]
  implicit objs: [/Users/sousou04/.espressif/tools/xtensa-esp-elf/esp-13.2.0_20240530/xtensa-esp-elf/xtensa-esp-elf/lib/esp32s3/crt0.o;/Users/sousou04/.espressif/tools/xtensa-esp-elf/esp-13.2.0_20240530/xtensa-esp-elf/lib/gcc/xtensa-esp-elf/13.2.0/esp32s3/crti.o;/Users/sousou04/.espressif/tools/xtensa-esp-elf/esp-13.2.0_20240530/xtensa-esp-elf/lib/gcc/xtensa-esp-elf/13.2.0/esp32s3/crtbegin.o;/Users/sousou04/.espressif/tools/xtensa-esp-elf/esp-13.2.0_20240530/xtensa-esp-elf/lib/gcc/xtensa-esp-elf/13.2.0/esp32s3/crtend.o;/Users/sousou04/.espressif/tools/xtensa-esp-elf/esp-13.2.0_20240530/xtensa-esp-elf/lib/gcc/xtensa-esp-elf/13.2.0/esp32s3/crtn.o]
  implicit dirs: [/Users/sousou04/.espressif/tools/xtensa-esp-elf/esp-13.2.0_20240530/xtensa-esp-elf/lib/gcc/xtensa-esp-elf/13.2.0/esp32s3;/Users/sousou04/.espressif/tools/xtensa-esp-elf/esp-13.2.0_20240530/xtensa-esp-elf/xtensa-esp-elf/lib/esp32s3;/Users/sousou04/.espressif/tools/xtensa-esp-elf/esp-13.2.0_20240530/xtensa-esp-elf/lib/gcc/xtensa-esp-elf/13.2.0;/Users/sousou04/.espressif/tools/xtensa-esp-elf/esp-13.2.0_20240530/xtensa-esp-elf/lib/gcc;/Users/sousou04/.espressif/tools/xtensa-esp-elf/esp-13.2.0_20240530/xtensa-esp-elf/xtensa-esp-elf/lib;/Users/sousou04/.espressif/tools/xtensa-esp-elf/esp-13.2.0_20240530/xtensa-esp-elf/xtensa-esp-elf/usr/lib]
  implicit fwks: []


Detecting CXX compiler ABI info compiled with the following output:
Change Dir: /Users/sousou04/Documents/Armageddon v3.0.0/Armageddon_V3.0.0/build/bootloader/CMakeFiles/CMakeTmp

Run Build Command(s):/Users/sousou04/.espressif/tools/ninja/1.11.1/ninja cmTC_10f54 && [1/2] Building CXX object CMakeFiles/cmTC_10f54.dir/CMakeCXXCompilerABI.cpp.obj
Using built-in specs.
COLLECT_GCC=/Users/sousou04/.espressif/tools/xtensa-esp-elf/esp-13.2.0_20240530/xtensa-esp-elf/bin/xtensa-esp-elf-g++
Target: xtensa-esp-elf
Configured with: /builds/idf/crosstool-NG/.build/HOST-x86_64-apple-darwin21.1/xtensa-esp-elf/src/gcc/configure --build=x86_64-build_pc-linux-gnu --host=x86_64-host_apple-darwin21.1 --target=xtensa-esp-elf --prefix=/builds/idf/crosstool-NG/builds/xtensa-esp-elf --exec_prefix=/builds/idf/crosstool-NG/builds/xtensa-esp-elf --with-local-prefix=/builds/idf/crosstool-NG/builds/xtensa-esp-elf/xtensa-esp-elf --with-sysroot=/builds/idf/crosstool-NG/builds/xtensa-esp-elf/xtensa-esp-elf --with-native-system-header-dir=/include --with-newlib --enable-threads=no --disable-shared --with-pkgversion='crosstool-NG esp-13.2.0_20240530' --disable-__cxa_atexit --enable-cxx-flags=-ffunction-sections --disable-libgomp --disable-libmudflap --disable-libmpx --disable-libssp --disable-libquadmath --disable-libquadmath-support --disable-libstdcxx-verbose --with-gmp=/builds/idf/crosstool-NG/.build/HOST-x86_64-apple-darwin21.1/xtensa-esp-elf/buildtools/complibs-host --with-mpfr=/builds/idf/crosstool-NG/.build/HOST-x86_64-apple-darwin21.1/xtensa-esp-elf/buildtools/complibs-host --with-mpc=/builds/idf/crosstool-NG/.build/HOST-x86_64-apple-darwin21.1/xtensa-esp-elf/buildtools/complibs-host --with-isl=/builds/idf/crosstool-NG/.build/HOST-x86_64-apple-darwin21.1/xtensa-esp-elf/buildtools/complibs-host --enable-lto --enable-target-optspace --without-long-double-128 --disable-nls --enable-multiarch --enable-languages=c,c++ --disable-libstdcxx-verbose --enable-threads=posix --enable-gcov-custom-rtio --enable-libstdcxx-time=yes
Thread model: posix
Supported LTO compression algorithms: zlib
gcc version 13.2.0 (crosstool-NG esp-13.2.0_20240530) 
COLLECT_GCC_OPTIONS='-mdynconfig=xtensa_esp32s3.so' '-mlongcalls' '-fno-builtin-memcpy' '-fno-builtin-memset' '-fno-builtin-bzero' '-fno-builtin-stpcpy' '-fno-builtin-strncpy' '-v' '-o' 'CMakeFiles/cmTC_10f54.dir/CMakeCXXCompilerABI.cpp.obj' '-c' '-dumpdir' 'CMakeFiles/cmTC_10f54.dir/'
 /Users/sousou04/.espressif/tools/xtensa-esp-elf/esp-13.2.0_20240530/xtensa-esp-elf/bin/../libexec/gcc/xtensa-esp-elf/13.2.0/cc1plus -quiet -v -imultilib esp32s3 -iprefix /Users/sousou04/.espressif/tools/xtensa-esp-elf/esp-13.2.0_20240530/xtensa-esp-elf/bin/../lib/gcc/xtensa-esp-elf/13.2.0/ -isysroot /Users/sousou04/.espressif/tools/xtensa-esp-elf/esp-13.2.0_20240530/xtensa-esp-elf/bin/../xtensa-esp-elf /Users/sousou04/.espressif/tools/cmake/3.24.0/CMake.app/Contents/share/cmake-3.24/Modules/CMakeCXXCompilerABI.cpp -quiet -dumpdir CMakeFiles/cmTC_10f54.dir/ -dumpbase CMakeCXXCompilerABI.cpp.cpp -dumpbase-ext .cpp -mdynconfig=xtensa_esp32s3.so -mlongcalls -version -fno-builtin-memcpy -fno-builtin-memset -fno-builtin-bzero -fno-builtin-stpcpy -fno-builtin-strncpy -o /var/folders/cd/rnkfvxms36sbf1ppv4ffpw380000gn/T//cc0nfew9.s
GNU C++17 (crosstool-NG esp-13.2.0_20240530) version 13.2.0 (xtensa-esp-elf)
	compiled by GNU C version 8.3.0, GMP version 6.2.1, MPFR version 4.2.1, MPC version 1.2.1, isl version isl-0.26-GMP

GGC heuristics: --param ggc-min-expand=100 --param ggc-min-heapsize=131072
ignoring duplicate directory "/Users/sousou04/.espressif/tools/xtensa-esp-elf/esp-13.2.0_20240530/xtensa-esp-elf/bin/../lib/gcc/../../lib/gcc/xtensa-esp-elf/13.2.0/../../../../xtensa-esp-elf/include/c++/13.2.0"
ignoring duplicate directory "/Users/sousou04/.espressif/tools/xtensa-esp-elf/esp-13.2.0_20240530/xtensa-esp-elf/bin/../lib/gcc/../../lib/gcc/xtensa-esp-elf/13.2.0/../../../../xtensa-esp-elf/include/c++/13.2.0/xtensa-esp-elf/esp32s3"
ignoring duplicate directory "/Users/sousou04/.espressif/tools/xtensa-esp-elf/esp-13.2.0_20240530/xtensa-esp-elf/bin/../lib/gcc/../../lib/gcc/xtensa-esp-elf/13.2.0/../../../../xtensa-esp-elf/include/c++/13.2.0/backward"
ignoring duplicate directory "/Users/sousou04/.espressif/tools/xtensa-esp-elf/esp-13.2.0_20240530/xtensa-esp-elf/bin/../lib/gcc/../../lib/gcc/xtensa-esp-elf/13.2.0/include"
ignoring nonexistent directory "/Users/sousou04/.espressif/tools/xtensa-esp-elf/esp-13.2.0_20240530/xtensa-esp-elf/bin/../xtensa-esp-elf/builds/idf/crosstool-NG/builds/xtensa-esp-elf/xtensa-esp-elf/include"
ignoring duplicate directory "/Users/sousou04/.espressif/tools/xtensa-esp-elf/esp-13.2.0_20240530/xtensa-esp-elf/bin/../lib/gcc/../../lib/gcc/xtensa-esp-elf/13.2.0/include-fixed"
ignoring duplicate directory "/Users/sousou04/.espressif/tools/xtensa-esp-elf/esp-13.2.0_20240530/xtensa-esp-elf/bin/../lib/gcc/../../lib/gcc/xtensa-esp-elf/13.2.0/../../../../xtensa-esp-elf/include"
ignoring duplicate directory "/Users/sousou04/.espressif/tools/xtensa-esp-elf/esp-13.2.0_20240530/xtensa-esp-elf/bin/../xtensa-esp-elf/include"
#include "..." search starts here:
#include <...> search starts here:
 /Users/sousou04/.espressif/tools/xtensa-esp-elf/esp-13.2.0_20240530/xtensa-esp-elf/bin/../lib/gcc/xtensa-esp-elf/13.2.0/../../../../xtensa-esp-elf/include/c++/13.2.0
 /Users/sousou04/.espressif/tools/xtensa-esp-elf/esp-13.2.0_20240530/xtensa-esp-elf/bin/../lib/gcc/xtensa-esp-elf/13.2.0/../../../../xtensa-esp-elf/include/c++/13.2.0/xtensa-esp-elf/esp32s3
 /Users/sousou04/.espressif/tools/xtensa-esp-elf/esp-13.2.0_20240530/xtensa-esp-elf/bin/../lib/gcc/xtensa-esp-elf/13.2.0/../../../../xtensa-esp-elf/include/c++/13.2.0/backward
 /Users/sousou04/.espressif/tools/xtensa-esp-elf/esp-13.2.0_20240530/xtensa-esp-elf/bin/../lib/gcc/xtensa-esp-elf/13.2.0/include
 /Users/sousou04/.espressif/tools/xtensa-esp-elf/esp-13.2.0_20240530/xtensa-esp-elf/bin/../lib/gcc/xtensa-esp-elf/13.2.0/include-fixed
 /Users/sousou04/.espressif/tools/xtensa-esp-elf/esp-13.2.0_20240530/xtensa-esp-elf/bin/../lib/gcc/xtensa-esp-elf/13.2.0/../../../../xtensa-esp-elf/include
End of search list.
Compiler executable checksum: f6aa2dc1f96f95592757ad9fe7168056
COLLECT_GCC_OPTIONS='-mdynconfig=xtensa_esp32s3.so' '-mlongcalls' '-fno-builtin-memcpy' '-fno-builtin-memset' '-fno-builtin-bzero' '-fno-builtin-stpcpy' '-fno-builtin-strncpy' '-v' '-o' 'CMakeFiles/cmTC_10f54.dir/CMakeCXXCompilerABI.cpp.obj' '-c' '-dumpdir' 'CMakeFiles/cmTC_10f54.dir/'
 /Users/sousou04/.espressif/tools/xtensa-esp-elf/esp-13.2.0_20240530/xtensa-esp-elf/bin/../lib/gcc/xtensa-esp-elf/13.2.0/../../../../xtensa-esp-elf/bin/as --traditional-format --longcalls --dynconfig=xtensa_esp32s3.so -o CMakeFiles/cmTC_10f54.dir/CMakeCXXCompilerABI.cpp.obj /var/folders/cd/rnkfvxms36sbf1ppv4ffpw380000gn/T//cc0nfew9.s
COMPILER_PATH=/Users/sousou04/.espressif/tools/xtensa-esp-elf/esp-13.2.0_20240530/xtensa-esp-elf/bin/../libexec/gcc/xtensa-esp-elf/13.2.0/:/Users/sousou04/.espressif/tools/xtensa-esp-elf/esp-13.2.0_20240530/xtensa-esp-elf/bin/../libexec/gcc/:/Users/sousou04/.espressif/tools/xtensa-esp-elf/esp-13.2.0_20240530/xtensa-esp-elf/bin/../lib/gcc/xtensa-esp-elf/13.2.0/../../../../xtensa-esp-elf/bin/
LIBRARY_PATH=/Users/sousou04/.espressif/tools/xtensa-esp-elf/esp-13.2.0_20240530/xtensa-esp-elf/bin/../lib/gcc/xtensa-esp-elf/13.2.0/esp32s3/:/Users/sousou04/.espressif/tools/xtensa-esp-elf/esp-13.2.0_20240530/xtensa-esp-elf/bin/../lib/gcc/xtensa-esp-elf/13.2.0/../../../../xtensa-esp-elf/lib/esp32s3/:/Users/sousou04/.espressif/tools/xtensa-esp-elf/esp-13.2.0_20240530/xtensa-esp-elf/bin/../xtensa-esp-elf/lib/esp32s3/:/Users/sousou04/.espressif/tools/xtensa-esp-elf/esp-13.2.0_20240530/xtensa-esp-elf/bin/../lib/gcc/xtensa-esp-elf/13.2.0/:/Users/sousou04/.espressif/tools/xtensa-esp-elf/esp-13.2.0_20240530/xtensa-esp-elf/bin/../lib/gcc/:/Users/sousou04/.espressif/tools/xtensa-esp-elf/esp-13.2.0_20240530/xtensa-esp-elf/bin/../lib/gcc/xtensa-esp-elf/13.2.0/../../../../xtensa-esp-elf/lib/:/Users/sousou04/.espressif/tools/xtensa-esp-elf/esp-13.2.0_20240530/xtensa-esp-elf/bin/../xtensa-esp-elf/lib/:/Users/sousou04/.espressif/tools/xtensa-esp-elf/esp-13.2.0_20240530/xtensa-esp-elf/bin/../xtensa-esp-elf/usr/lib/
COLLECT_GCC_OPTIONS='-mdynconfig=xtensa_esp32s3.so' '-mlongcalls' '-fno-builtin-memcpy' '-fno-builtin-memset' '-fno-builtin-bzero' '-fno-builtin-stpcpy' '-fno-builtin-strncpy' '-v' '-o' 'CMakeFiles/cmTC_10f54.dir/CMakeCXXCompilerABI.cpp.obj' '-c' '-dumpdir' 'CMakeFiles/cmTC_10f54.dir/CMakeCXXCompilerABI.cpp.'
[2/2] Linking CXX executable cmTC_10f54
Using built-in specs.
COLLECT_GCC=/Users/sousou04/.espressif/tools/xtensa-esp-elf/esp-13.2.0_20240530/xtensa-esp-elf/bin/xtensa-esp-elf-g++
COLLECT_LTO_WRAPPER=/Users/sousou04/.espressif/tools/xtensa-esp-elf/esp-13.2.0_20240530/xtensa-esp-elf/bin/../libexec/gcc/xtensa-esp-elf/13.2.0/lto-wrapper
Target: xtensa-esp-elf
Configured with: /builds/idf/crosstool-NG/.build/HOST-x86_64-apple-darwin21.1/xtensa-esp-elf/src/gcc/configure --build=x86_64-build_pc-linux-gnu --host=x86_64-host_apple-darwin21.1 --target=xtensa-esp-elf --prefix=/builds/idf/crosstool-NG/builds/xtensa-esp-elf --exec_prefix=/builds/idf/crosstool-NG/builds/xtensa-esp-elf --with-local-prefix=/builds/idf/crosstool-NG/builds/xtensa-esp-elf/xtensa-esp-elf --with-sysroot=/builds/idf/crosstool-NG/builds/xtensa-esp-elf/xtensa-esp-elf --with-native-system-header-dir=/include --with-newlib --enable-threads=no --disable-shared --with-pkgversion='crosstool-NG esp-13.2.0_20240530' --disable-__cxa_atexit --enable-cxx-flags=-ffunction-sections --disable-libgomp --disable-libmudflap --disable-libmpx --disable-libssp --disable-libquadmath --disable-libquadmath-support --disable-libstdcxx-verbose --with-gmp=/builds/idf/crosstool-NG/.build/HOST-x86_64-apple-darwin21.1/xtensa-esp-elf/buildtools/complibs-host --with-mpfr=/builds/idf/crosstool-NG/.build/HOST-x86_64-apple-darwin21.1/xtensa-esp-elf/buildtools/complibs-host --with-mpc=/builds/idf/crosstool-NG/.build/HOST-x86_64-apple-darwin21.1/xtensa-esp-elf/buildtools/complibs-host --with-isl=/builds/idf/crosstool-NG/.build/HOST-x86_64-apple-darwin21.1/xtensa-esp-elf/buildtools/complibs-host --enable-lto --enable-target-optspace --without-long-double-128 --disable-nls --enable-multiarch --enable-languages=c,c++ --disable-libstdcxx-verbose --enable-threads=posix --enable-gcov-custom-rtio --enable-libstdcxx-time=yes
Thread model: posix
Supported LTO compression algorithms: zlib
gcc version 13.2.0 (crosstool-NG esp-13.2.0_20240530) 
COMPILER_PATH=/Users/sousou04/.espressif/tools/xtensa-esp-elf/esp-13.2.0_20240530/xtensa-esp-elf/bin/../libexec/gcc/xtensa-esp-elf/13.2.0/:/Users/sousou04/.espressif/tools/xtensa-esp-elf/esp-13.2.0_20240530/xtensa-esp-elf/bin/../libexec/gcc/:/Users/sousou04/.espressif/tools/xtensa-esp-elf/esp-13.2.0_20240530/xtensa-esp-elf/bin/../lib/gcc/xtensa-esp-elf/13.2.0/../../../../xtensa-esp-elf/bin/
LIBRARY_PATH=/Users/sousou04/.espressif/tools/xtensa-esp-elf/esp-13.2.0_20240530/xtensa-esp-elf/bin/../lib/gcc/xtensa-esp-elf/13.2.0/esp32s3/:/Users/sousou04/.espressif/tools/xtensa-esp-elf/esp-13.2.0_20240530/xtensa-esp-elf/bin/../lib/gcc/xtensa-esp-elf/13.2.0/../../../../xtensa-esp-elf/lib/esp32s3/:/Users/sousou04/.espressif/tools/xtensa-esp-elf/esp-13.2.0_20240530/xtensa-esp-elf/bin/../xtensa-esp-elf/lib/esp32s3/:/Users/sousou04/.espressif/tools/xtensa-esp-elf/esp-13.2.0_20240530/xtensa-esp-elf/bin/../lib/gcc/xtensa-esp-elf/13.2.0/:/Users/sousou04/.espressif/tools/xtensa-esp-elf/esp-13.2.0_20240530/xtensa-esp-elf/bin/../lib/gcc/:/Users/sousou04/.espressif/tools/xtensa-esp-elf/esp-13.2.0_20240530/xtensa-esp-elf/bin/../lib/gcc/xtensa-esp-elf/13.2.0/../../../../xtensa-esp-elf/lib/:/Users/sousou04/.espressif/tools/xtensa-esp-elf/esp-13.2.0_20240530/xtensa-esp-elf/bin/../xtensa-esp-elf/lib/:/Users/sousou04/.espressif/tools/xtensa-esp-elf/esp-13.2.0_20240530/xtensa-esp-elf/bin/../xtensa-esp-elf/usr/lib/
COLLECT_GCC_OPTIONS='-mdynconfig=xtensa_esp32s3.so' '-mlongcalls' '-fno-builtin-memcpy' '-fno-builtin-memset' '-fno-builtin-bzero' '-fno-builtin-stpcpy' '-fno-builtin-strncpy' '-v' '-o' 'cmTC_10f54' '-dumpdir' 'cmTC_10f54.'
 /Users/sousou04/.espressif/tools/xtensa-esp-elf/esp-13.2.0_20240530/xtensa-esp-elf/bin/../libexec/gcc/xtensa-esp-elf/13.2.0/collect2 -plugin /Users/sousou04/.espressif/tools/xtensa-esp-elf/esp-13.2.0_20240530/xtensa-esp-elf/bin/../libexec/gcc/xtensa-esp-elf/13.2.0/liblto_plugin.so -plugin-opt=/Users/sousou04/.espressif/tools/xtensa-esp-elf/esp-13.2.0_20240530/xtensa-esp-elf/bin/../libexec/gcc/xtensa-esp-elf/13.2.0/lto-wrapper -plugin-opt=-fresolution=/var/folders/cd/rnkfvxms36sbf1ppv4ffpw380000gn/T//ccsfjI7U.res -plugin-opt=-pass-through=-lgcc -plugin-opt=-pass-through=-lc -plugin-opt=-pass-through=-lnosys -plugin-opt=-pass-through=-lc -plugin-opt=-pass-through=-lgcc --sysroot=/Users/sousou04/.espressif/tools/xtensa-esp-elf/esp-13.2.0_20240530/xtensa-esp-elf/bin/../xtensa-esp-elf --dynconfig=xtensa_esp32s3.so -o cmTC_10f54 /Users/sousou04/.espressif/tools/xtensa-esp-elf/esp-13.2.0_20240530/xtensa-esp-elf/bin/../lib/gcc/xtensa-esp-elf/13.2.0/../../../../xtensa-esp-elf/lib/esp32s3/crt0.o /Users/sousou04/.espressif/tools/xtensa-esp-elf/esp-13.2.0_20240530/xtensa-esp-elf/bin/../lib/gcc/xtensa-esp-elf/13.2.0/esp32s3/crti.o /Users/sousou04/.espressif/tools/xtensa-esp-elf/esp-13.2.0_20240530/xtensa-esp-elf/bin/../lib/gcc/xtensa-esp-elf/13.2.0/esp32s3/crtbegin.o -L/Users/sousou04/.espressif/tools/xtensa-esp-elf/esp-13.2.0_20240530/xtensa-esp-elf/bin/../lib/gcc/xtensa-esp-elf/13.2.0/esp32s3 -L/Users/sousou04/.espressif/tools/xtensa-esp-elf/esp-13.2.0_20240530/xtensa-esp-elf/bin/../lib/gcc/xtensa-esp-elf/13.2.0/../../../../xtensa-esp-elf/lib/esp32s3 -L/Users/sousou04/.espressif/tools/xtensa-esp-elf/esp-13.2.0_20240530/xtensa-esp-elf/bin/../xtensa-esp-elf/lib/esp32s3 -L/Users/sousou04/.espressif/tools/xtensa-esp-elf/esp-13.2.0_20240530/xtensa-esp-elf/bin/../lib/gcc/xtensa-esp-elf/13.2.0 -L/Users/sousou04/.espressif/tools/xtensa-esp-elf/esp-13.2.0_20240530/xtensa-esp-elf/bin/../lib/gcc -L/Users/sousou04/.espressif/tools/xtensa-esp-elf/esp-13.2.0_20240530/xtensa-esp-elf/bin/../lib/gcc/xtensa-esp-elf/13.2.0/../../../../xtensa-esp-elf/lib -L/Users/sousou04/.espressif/tools/xtensa-esp-elf/esp-13.2.0_20240530/xtensa-esp-elf/bin/../xtensa-esp-elf/lib -L/Users/sousou04/.espressif/tools/xtensa-esp-elf/esp-13.2.0_20240530/xtensa-esp-elf/bin/../xtensa-esp-elf/usr/lib CMakeFiles/cmTC_10f54.dir/CMakeCXXCompilerABI.cpp.obj -lstdc++ -lm -lgcc -lc -lnosys -lc -lgcc /Users/sousou04/.espressif/tools/xtensa-esp-elf/esp-13.2.0_20240530/xtensa-esp-elf/bin/../lib/gcc/xtensa-esp-elf/13.2.0/esp32s3/crtend.o /Users/sousou04/.espressif/tools/xtensa-esp-elf/esp-13.2.0_20240530/xtensa-esp-elf/bin/../lib/gcc/xtensa-esp-elf/13.2.0/esp32s3/crtn.o
COLLECT_GCC_OPTIONS='-mdynconfig=xtensa_esp32s3.so' '-mlongcalls' '-fno-builtin-memcpy' '-fno-builtin-memset' '-fno-builtin-bzero' '-fno-builtin-stpcpy' '-fno-builtin-strncpy' '-v' '-o' 'cmTC_10f54' '-dumpdir' 'cmTC_10f54.'



Parsed CXX implicit include dir info from above output: rv=done
  found start of include info
  found start of implicit include info
    add: [/Users/sousou04/.espressif/tools/xtensa-esp-elf/esp-13.2.0_20240530/xtensa-esp-elf/bin/../lib/gcc/xtensa-esp-elf/13.2.0/../../../../xtensa-esp-elf/include/c++/13.2.0]
    add: [/Users/sousou04/.espressif/tools/xtensa-esp-elf/esp-13.2.0_20240530/xtensa-esp-elf/bin/../lib/gcc/xtensa-esp-elf/13.2.0/../../../../xtensa-esp-elf/include/c++/13.2.0/xtensa-esp-elf/esp32s3]
    add: [/Users/sousou04/.espressif/tools/xtensa-esp-elf/esp-13.2.0_20240530/xtensa-esp-elf/bin/../lib/gcc/xtensa-esp-elf/13.2.0/../../../../xtensa-esp-elf/include/c++/13.2.0/backward]
    add: [/Users/sousou04/.espressif/tools/xtensa-esp-elf/esp-13.2.0_20240530/xtensa-esp-elf/bin/../lib/gcc/xtensa-esp-elf/13.2.0/include]
    add: [/Users/sousou04/.espressif/tools/xtensa-esp-elf/esp-13.2.0_20240530/xtensa-esp-elf/bin/../lib/gcc/xtensa-esp-elf/13.2.0/include-fixed]
    add: [/Users/sousou04/.espressif/tools/xtensa-esp-elf/esp-13.2.0_20240530/xtensa-esp-elf/bin/../lib/gcc/xtensa-esp-elf/13.2.0/../../../../xtensa-esp-elf/include]
  end of search list found
  collapse include dir [/Users/sousou04/.espressif/tools/xtensa-esp-elf/esp-13.2.0_20240530/xtensa-esp-elf/bin/../lib/gcc/xtensa-esp-elf/13.2.0/../../../../xtensa-esp-elf/include/c++/13.2.0] ==> [/Users/sousou04/.espressif/tools/xtensa-esp-elf/esp-13.2.0_20240530/xtensa-esp-elf/xtensa-esp-elf/include/c++/13.2.0]
  collapse include dir [/Users/sousou04/.espressif/tools/xtensa-esp-elf/esp-13.2.0_20240530/xtensa-esp-elf/bin/../lib/gcc/xtensa-esp-elf/13.2.0/../../../../xtensa-esp-elf/include/c++/13.2.0/xtensa-esp-elf/esp32s3] ==> [/Users/sousou04/.espressif/tools/xtensa-esp-elf/esp-13.2.0_20240530/xtensa-esp-elf/xtensa-esp-elf/include/c++/13.2.0/xtensa-esp-elf/esp32s3]
  collapse include dir [/Users/sousou04/.espressif/tools/xtensa-esp-elf/esp-13.2.0_20240530/xtensa-esp-elf/bin/../lib/gcc/xtensa-esp-elf/13.2.0/../../../../xtensa-esp-elf/include/c++/13.2.0/backward] ==> [/Users/sousou04/.espressif/tools/xtensa-esp-elf/esp-13.2.0_20240530/xtensa-esp-elf/xtensa-esp-elf/include/c++/13.2.0/backward]
  collapse include dir [/Users/sousou04/.espressif/tools/xtensa-esp-elf/esp-13.2.0_20240530/xtensa-esp-elf/bin/../lib/gcc/xtensa-esp-elf/13.2.0/include] ==> [/Users/sousou04/.espressif/tools/xtensa-esp-elf/esp-13.2.0_20240530/xtensa-esp-elf/lib/gcc/xtensa-esp-elf/13.2.0/include]
  collapse include dir [/Users/sousou04/.espressif/tools/xtensa-esp-elf/esp-13.2.0_20240530/xtensa-esp-elf/bin/../lib/gcc/xtensa-esp-elf/13.2.0/include-fixed] ==> [/Users/sousou04/.espressif/tools/xtensa-esp-elf/esp-13.2.0_20240530/xtensa-esp-elf/lib/gcc/xtensa-esp-elf/13.2.0/include-fixed]
  collapse include dir [/Users/sousou04/.espressif/tools/xtensa-esp-elf/esp-13.2.0_20240530/xtensa-esp-elf/bin/../lib/gcc/xtensa-esp-elf/13.2.0/../../../../xtensa-esp-elf/include] ==> [/Users/sousou04/.espressif/tools/xtensa-esp-elf/esp-13.2.0_20240530/xtensa-esp-elf/xtensa-esp-elf/include]
  implicit include dirs: [/Users/sousou04/.espressif/tools/xtensa-esp-elf/esp-13.2.0_20240530/xtensa-esp-elf/xtensa-esp-elf/include/c++/13.2.0;/Users/sousou04/.espressif/tools/xtensa-esp-elf/esp-13.2.0_20240530/xtensa-esp-elf/xtensa-esp-elf/include/c++/13.2.0/xtensa-esp-elf/esp32s3;/Users/sousou04/.espressif/tools/xtensa-esp-elf/esp-13.2.0_20240530/xtensa-esp-elf/xtensa-esp-elf/include/c++/13.2.0/backward;/Users/sousou04/.espressif/tools/xtensa-esp-elf/esp-13.2.0_20240530/xtensa-esp-elf/lib/gcc/xtensa-esp-elf/13.2.0/include;/Users/sousou04/.espressif/tools/xtensa-esp-elf/esp-13.2.0_20240530/xtensa-esp-elf/lib/gcc/xtensa-esp-elf/13.2.0/include-fixed;/Users/sousou04/.espressif/tools/xtensa-esp-elf/esp-13.2.0_20240530/xtensa-esp-elf/xtensa-esp-elf/include]


Parsed CXX implicit link information from above output:
  link line regex: [^( *|.*[/\])(xtensa-esp32s3-elf-ld|CMAKE_LINK_STARTFILE-NOTFOUND|([^/\]+-)?ld|collect2)[^/\]*( |$)]
  ignore line: [Change Dir: /Users/sousou04/Documents/Armageddon v3.0.0/Armageddon_V3.0.0/build/bootloader/CMakeFiles/CMakeTmp]
  ignore line: []
  ignore line: [Run Build Command(s):/Users/sousou04/.espressif/tools/ninja/1.11.1/ninja cmTC_10f54 && [1/2] Building CXX object CMakeFiles/cmTC_10f54.dir/CMakeCXXCompilerABI.cpp.obj]
  ignore line: [Using built-in specs.]
  ignore line: [COLLECT_GCC=/Users/sousou04/.espressif/tools/xtensa-esp-elf/esp-13.2.0_20240530/xtensa-esp-elf/bin/xtensa-esp-elf-g++]
  ignore line: [Target: xtensa-esp-elf]
  ignore line: [Configured with: /builds/idf/crosstool-NG/.build/HOST-x86_64-apple-darwin21.1/xtensa-esp-elf/src/gcc/configure --build=x86_64-build_pc-linux-gnu --host=x86_64-host_apple-darwin21.1 --target=xtensa-esp-elf --prefix=/builds/idf/crosstool-NG/builds/xtensa-esp-elf --exec_prefix=/builds/idf/crosstool-NG/builds/xtensa-esp-elf --with-local-prefix=/builds/idf/crosstool-NG/builds/xtensa-esp-elf/xtensa-esp-elf --with-sysroot=/builds/idf/crosstool-NG/builds/xtensa-esp-elf/xtensa-esp-elf --with-native-system-header-dir=/include --with-newlib --enable-threads=no --disable-shared --with-pkgversion='crosstool-NG esp-13.2.0_20240530' --disable-__cxa_atexit --enable-cxx-flags=-ffunction-sections --disable-libgomp --disable-libmudflap --disable-libmpx --disable-libssp --disable-libquadmath --disable-libquadmath-support --disable-libstdcxx-verbose --with-gmp=/builds/idf/crosstool-NG/.build/HOST-x86_64-apple-darwin21.1/xtensa-esp-elf/buildtools/complibs-host --with-mpfr=/builds/idf/crosstool-NG/.build/HOST-x86_64-apple-darwin21.1/xtensa-esp-elf/buildtools/complibs-host --with-mpc=/builds/idf/crosstool-NG/.build/HOST-x86_64-apple-darwin21.1/xtensa-esp-elf/buildtools/complibs-host --with-isl=/builds/idf/crosstool-NG/.build/HOST-x86_64-apple-darwin21.1/xtensa-esp-elf/buildtools/complibs-host --enable-lto --enable-target-optspace --without-long-double-128 --disable-nls --enable-multiarch --enable-languages=c c++ --disable-libstdcxx-verbose --enable-threads=posix --enable-gcov-custom-rtio --enable-libstdcxx-time=yes]
  ignore line: [Thread model: posix]
  ignore line: [Supported LTO compression algorithms: zlib]
  ignore line: [gcc version 13.2.0 (crosstool-NG esp-13.2.0_20240530) ]
  ignore line: [COLLECT_GCC_OPTIONS='-mdynconfig=xtensa_esp32s3.so' '-mlongcalls' '-fno-builtin-memcpy' '-fno-builtin-memset' '-fno-builtin-bzero' '-fno-builtin-stpcpy' '-fno-builtin-strncpy' '-v' '-o' 'CMakeFiles/cmTC_10f54.dir/CMakeCXXCompilerABI.cpp.obj' '-c' '-dumpdir' 'CMakeFiles/cmTC_10f54.dir/']
  ignore line: [ /Users/sousou04/.espressif/tools/xtensa-esp-elf/esp-13.2.0_20240530/xtensa-esp-elf/bin/../libexec/gcc/xtensa-esp-elf/13.2.0/cc1plus -quiet -v -imultilib esp32s3 -iprefix /Users/sousou04/.espressif/tools/xtensa-esp-elf/esp-13.2.0_20240530/xtensa-esp-elf/bin/../lib/gcc/xtensa-esp-elf/13.2.0/ -isysroot /Users/sousou04/.espressif/tools/xtensa-esp-elf/esp-13.2.0_20240530/xtensa-esp-elf/bin/../xtensa-esp-elf /Users/sousou04/.espressif/tools/cmake/3.24.0/CMake.app/Contents/share/cmake-3.24/Modules/CMakeCXXCompilerABI.cpp -quiet -dumpdir CMakeFiles/cmTC_10f54.dir/ -dumpbase CMakeCXXCompilerABI.cpp.cpp -dumpbase-ext .cpp -mdynconfig=xtensa_esp32s3.so -mlongcalls -version -fno-builtin-memcpy -fno-builtin-memset -fno-builtin-bzero -fno-builtin-stpcpy -fno-builtin-strncpy -o /var/folders/cd/rnkfvxms36sbf1ppv4ffpw380000gn/T//cc0nfew9.s]
  ignore line: [GNU C++17 (crosstool-NG esp-13.2.0_20240530) version 13.2.0 (xtensa-esp-elf)]
  ignore line: [	compiled by GNU C version 8.3.0  GMP version 6.2.1  MPFR version 4.2.1  MPC version 1.2.1  isl version isl-0.26-GMP]
  ignore line: []
  ignore line: [GGC heuristics: --param ggc-min-expand=100 --param ggc-min-heapsize=131072]
  ignore line: [ignoring duplicate directory "/Users/sousou04/.espressif/tools/xtensa-esp-elf/esp-13.2.0_20240530/xtensa-esp-elf/bin/../lib/gcc/../../lib/gcc/xtensa-esp-elf/13.2.0/../../../../xtensa-esp-elf/include/c++/13.2.0"]
  ignore line: [ignoring duplicate directory "/Users/sousou04/.espressif/tools/xtensa-esp-elf/esp-13.2.0_20240530/xtensa-esp-elf/bin/../lib/gcc/../../lib/gcc/xtensa-esp-elf/13.2.0/../../../../xtensa-esp-elf/include/c++/13.2.0/xtensa-esp-elf/esp32s3"]
  ignore line: [ignoring duplicate directory "/Users/sousou04/.espressif/tools/xtensa-esp-elf/esp-13.2.0_20240530/xtensa-esp-elf/bin/../lib/gcc/../../lib/gcc/xtensa-esp-elf/13.2.0/../../../../xtensa-esp-elf/include/c++/13.2.0/backward"]
  ignore line: [ignoring duplicate directory "/Users/sousou04/.espressif/tools/xtensa-esp-elf/esp-13.2.0_20240530/xtensa-esp-elf/bin/../lib/gcc/../../lib/gcc/xtensa-esp-elf/13.2.0/include"]
  ignore line: [ignoring nonexistent directory "/Users/sousou04/.espressif/tools/xtensa-esp-elf/esp-13.2.0_20240530/xtensa-esp-elf/bin/../xtensa-esp-elf/builds/idf/crosstool-NG/builds/xtensa-esp-elf/xtensa-esp-elf/include"]
  ignore line: [ignoring duplicate directory "/Users/sousou04/.espressif/tools/xtensa-esp-elf/esp-13.2.0_20240530/xtensa-esp-elf/bin/../lib/gcc/../../lib/gcc/xtensa-esp-elf/13.2.0/include-fixed"]
  ignore line: [ignoring duplicate directory "/Users/sousou04/.espressif/tools/xtensa-esp-elf/esp-13.2.0_20240530/xtensa-esp-elf/bin/../lib/gcc/../../lib/gcc/xtensa-esp-elf/13.2.0/../../../../xtensa-esp-elf/include"]
  ignore line: [ignoring duplicate directory "/Users/sousou04/.espressif/tools/xtensa-esp-elf/esp-13.2.0_20240530/xtensa-esp-elf/bin/../xtensa-esp-elf/include"]
  ignore line: [#include "..." search starts here:]
  ignore line: [#include <...> search starts here:]
  ignore line: [ /Users/sousou04/.espressif/tools/xtensa-esp-elf/esp-13.2.0_20240530/xtensa-esp-elf/bin/../lib/gcc/xtensa-esp-elf/13.2.0/../../../../xtensa-esp-elf/include/c++/13.2.0]
  ignore line: [ /Users/sousou04/.espressif/tools/xtensa-esp-elf/esp-13.2.0_20240530/xtensa-esp-elf/bin/../lib/gcc/xtensa-esp-elf/13.2.0/../../../../xtensa-esp-elf/include/c++/13.2.0/xtensa-esp-elf/esp32s3]
  ignore line: [ /Users/sousou04/.espressif/tools/xtensa-esp-elf/esp-13.2.0_20240530/xtensa-esp-elf/bin/../lib/gcc/xtensa-esp-elf/13.2.0/../../../../xtensa-esp-elf/include/c++/13.2.0/backward]
  ignore line: [ /Users/sousou04/.espressif/tools/xtensa-esp-elf/esp-13.2.0_20240530/xtensa-esp-elf/bin/../lib/gcc/xtensa-esp-elf/13.2.0/include]
  ignore line: [ /Users/sousou04/.espressif/tools/xtensa-esp-elf/esp-13.2.0_20240530/xtensa-esp-elf/bin/../lib/gcc/xtensa-esp-elf/13.2.0/include-fixed]
  ignore line: [ /Users/sousou04/.espressif/tools/xtensa-esp-elf/esp-13.2.0_20240530/xtensa-esp-elf/bin/../lib/gcc/xtensa-esp-elf/13.2.0/../../../../xtensa-esp-elf/include]
  ignore line: [End of search list.]
  ignore line: [Compiler executable checksum: f6aa2dc1f96f95592757ad9fe7168056]
  ignore line: [COLLECT_GCC_OPTIONS='-mdynconfig=xtensa_esp32s3.so' '-mlongcalls' '-fno-builtin-memcpy' '-fno-builtin-memset' '-fno-builtin-bzero' '-fno-builtin-stpcpy' '-fno-builtin-strncpy' '-v' '-o' 'CMakeFiles/cmTC_10f54.dir/CMakeCXXCompilerABI.cpp.obj' '-c' '-dumpdir' 'CMakeFiles/cmTC_10f54.dir/']
  ignore line: [ /Users/sousou04/.espressif/tools/xtensa-esp-elf/esp-13.2.0_20240530/xtensa-esp-elf/bin/../lib/gcc/xtensa-esp-elf/13.2.0/../../../../xtensa-esp-elf/bin/as --traditional-format --longcalls --dynconfig=xtensa_esp32s3.so -o CMakeFiles/cmTC_10f54.dir/CMakeCXXCompilerABI.cpp.obj /var/folders/cd/rnkfvxms36sbf1ppv4ffpw380000gn/T//cc0nfew9.s]
  ignore line: [COMPILER_PATH=/Users/sousou04/.espressif/tools/xtensa-esp-elf/esp-13.2.0_20240530/xtensa-esp-elf/bin/../libexec/gcc/xtensa-esp-elf/13.2.0/:/Users/sousou04/.espressif/tools/xtensa-esp-elf/esp-13.2.0_20240530/xtensa-esp-elf/bin/../libexec/gcc/:/Users/sousou04/.espressif/tools/xtensa-esp-elf/esp-13.2.0_20240530/xtensa-esp-elf/bin/../lib/gcc/xtensa-esp-elf/13.2.0/../../../../xtensa-esp-elf/bin/]
  ignore line: [LIBRARY_PATH=/Users/sousou04/.espressif/tools/xtensa-esp-elf/esp-13.2.0_20240530/xtensa-esp-elf/bin/../lib/gcc/xtensa-esp-elf/13.2.0/esp32s3/:/Users/sousou04/.espressif/tools/xtensa-esp-elf/esp-13.2.0_20240530/xtensa-esp-elf/bin/../lib/gcc/xtensa-esp-elf/13.2.0/../../../../xtensa-esp-elf/lib/esp32s3/:/Users/sousou04/.espressif/tools/xtensa-esp-elf/esp-13.2.0_20240530/xtensa-esp-elf/bin/../xtensa-esp-elf/lib/esp32s3/:/Users/sousou04/.espressif/tools/xtensa-esp-elf/esp-13.2.0_20240530/xtensa-esp-elf/bin/../lib/gcc/xtensa-esp-elf/13.2.0/:/Users/sousou04/.espressif/tools/xtensa-esp-elf/esp-13.2.0_20240530/xtensa-esp-elf/bin/../lib/gcc/:/Users/sousou04/.espressif/tools/xtensa-esp-elf/esp-13.2.0_20240530/xtensa-esp-elf/bin/../lib/gcc/xtensa-esp-elf/13.2.0/../../../../xtensa-esp-elf/lib/:/Users/sousou04/.espressif/tools/xtensa-esp-elf/esp-13.2.0_20240530/xtensa-esp-elf/bin/../xtensa-esp-elf/lib/:/Users/sousou04/.espressif/tools/xtensa-esp-elf/esp-13.2.0_20240530/xtensa-esp-elf/bin/../xtensa-esp-elf/usr/lib/]
  ignore line: [COLLECT_GCC_OPTIONS='-mdynconfig=xtensa_esp32s3.so' '-mlongcalls' '-fno-builtin-memcpy' '-fno-builtin-memset' '-fno-builtin-bzero' '-fno-builtin-stpcpy' '-fno-builtin-strncpy' '-v' '-o' 'CMakeFiles/cmTC_10f54.dir/CMakeCXXCompilerABI.cpp.obj' '-c' '-dumpdir' 'CMakeFiles/cmTC_10f54.dir/CMakeCXXCompilerABI.cpp.']
  ignore line: [[2/2] Linking CXX executable cmTC_10f54]
  ignore line: [Using built-in specs.]
  ignore line: [COLLECT_GCC=/Users/sousou04/.espressif/tools/xtensa-esp-elf/esp-13.2.0_20240530/xtensa-esp-elf/bin/xtensa-esp-elf-g++]
  ignore line: [COLLECT_LTO_WRAPPER=/Users/sousou04/.espressif/tools/xtensa-esp-elf/esp-13.2.0_20240530/xtensa-esp-elf/bin/../libexec/gcc/xtensa-esp-elf/13.2.0/lto-wrapper]
  ignore line: [Target: xtensa-esp-elf]
  ignore line: [Configured with: /builds/idf/crosstool-NG/.build/HOST-x86_64-apple-darwin21.1/xtensa-esp-elf/src/gcc/configure --build=x86_64-build_pc-linux-gnu --host=x86_64-host_apple-darwin21.1 --target=xtensa-esp-elf --prefix=/builds/idf/crosstool-NG/builds/xtensa-esp-elf --exec_prefix=/builds/idf/crosstool-NG/builds/xtensa-esp-elf --with-local-prefix=/builds/idf/crosstool-NG/builds/xtensa-esp-elf/xtensa-esp-elf --with-sysroot=/builds/idf/crosstool-NG/builds/xtensa-esp-elf/xtensa-esp-elf --with-native-system-header-dir=/include --with-newlib --enable-threads=no --disable-shared --with-pkgversion='crosstool-NG esp-13.2.0_20240530' --disable-__cxa_atexit --enable-cxx-flags=-ffunction-sections --disable-libgomp --disable-libmudflap --disable-libmpx --disable-libssp --disable-libquadmath --disable-libquadmath-support --disable-libstdcxx-verbose --with-gmp=/builds/idf/crosstool-NG/.build/HOST-x86_64-apple-darwin21.1/xtensa-esp-elf/buildtools/complibs-host --with-mpfr=/builds/idf/crosstool-NG/.build/HOST-x86_64-apple-darwin21.1/xtensa-esp-elf/buildtools/complibs-host --with-mpc=/builds/idf/crosstool-NG/.build/HOST-x86_64-apple-darwin21.1/xtensa-esp-elf/buildtools/complibs-host --with-isl=/builds/idf/crosstool-NG/.build/HOST-x86_64-apple-darwin21.1/xtensa-esp-elf/buildtools/complibs-host --enable-lto --enable-target-optspace --without-long-double-128 --disable-nls --enable-multiarch --enable-languages=c c++ --disable-libstdcxx-verbose --enable-threads=posix --enable-gcov-custom-rtio --enable-libstdcxx-time=yes]
  ignore line: [Thread model: posix]
  ignore line: [Supported LTO compression algorithms: zlib]
  ignore line: [gcc version 13.2.0 (crosstool-NG esp-13.2.0_20240530) ]
  ignore line: [COMPILER_PATH=/Users/sousou04/.espressif/tools/xtensa-esp-elf/esp-13.2.0_20240530/xtensa-esp-elf/bin/../libexec/gcc/xtensa-esp-elf/13.2.0/:/Users/sousou04/.espressif/tools/xtensa-esp-elf/esp-13.2.0_20240530/xtensa-esp-elf/bin/../libexec/gcc/:/Users/sousou04/.espressif/tools/xtensa-esp-elf/esp-13.2.0_20240530/xtensa-esp-elf/bin/../lib/gcc/xtensa-esp-elf/13.2.0/../../../../xtensa-esp-elf/bin/]
  ignore line: [LIBRARY_PATH=/Users/sousou04/.espressif/tools/xtensa-esp-elf/esp-13.2.0_20240530/xtensa-esp-elf/bin/../lib/gcc/xtensa-esp-elf/13.2.0/esp32s3/:/Users/sousou04/.espressif/tools/xtensa-esp-elf/esp-13.2.0_20240530/xtensa-esp-elf/bin/../lib/gcc/xtensa-esp-elf/13.2.0/../../../../xtensa-esp-elf/lib/esp32s3/:/Users/sousou04/.espressif/tools/xtensa-esp-elf/esp-13.2.0_20240530/xtensa-esp-elf/bin/../xtensa-esp-elf/lib/esp32s3/:/Users/sousou04/.espressif/tools/xtensa-esp-elf/esp-13.2.0_20240530/xtensa-esp-elf/bin/../lib/gcc/xtensa-esp-elf/13.2.0/:/Users/sousou04/.espressif/tools/xtensa-esp-elf/esp-13.2.0_20240530/xtensa-esp-elf/bin/../lib/gcc/:/Users/sousou04/.espressif/tools/xtensa-esp-elf/esp-13.2.0_20240530/xtensa-esp-elf/bin/../lib/gcc/xtensa-esp-elf/13.2.0/../../../../xtensa-esp-elf/lib/:/Users/sousou04/.espressif/tools/xtensa-esp-elf/esp-13.2.0_20240530/xtensa-esp-elf/bin/../xtensa-esp-elf/lib/:/Users/sousou04/.espressif/tools/xtensa-esp-elf/esp-13.2.0_20240530/xtensa-esp-elf/bin/../xtensa-esp-elf/usr/lib/]
  ignore line: [COLLECT_GCC_OPTIONS='-mdynconfig=xtensa_esp32s3.so' '-mlongcalls' '-fno-builtin-memcpy' '-fno-builtin-memset' '-fno-builtin-bzero' '-fno-builtin-stpcpy' '-fno-builtin-strncpy' '-v' '-o' 'cmTC_10f54' '-dumpdir' 'cmTC_10f54.']
  link line: [ /Users/sousou04/.espressif/tools/xtensa-esp-elf/esp-13.2.0_20240530/xtensa-esp-elf/bin/../libexec/gcc/xtensa-esp-elf/13.2.0/collect2 -plugin /Users/sousou04/.espressif/tools/xtensa-esp-elf/esp-13.2.0_20240530/xtensa-esp-elf/bin/../libexec/gcc/xtensa-esp-elf/13.2.0/liblto_plugin.so -plugin-opt=/Users/sousou04/.espressif/tools/xtensa-esp-elf/esp-13.2.0_20240530/xtensa-esp-elf/bin/../libexec/gcc/xtensa-esp-elf/13.2.0/lto-wrapper -plugin-opt=-fresolution=/var/folders/cd/rnkfvxms36sbf1ppv4ffpw380000gn/T//ccsfjI7U.res -plugin-opt=-pass-through=-lgcc -plugin-opt=-pass-through=-lc -plugin-opt=-pass-through=-lnosys -plugin-opt=-pass-through=-lc -plugin-opt=-pass-through=-lgcc --sysroot=/Users/sousou04/.espressif/tools/xtensa-esp-elf/esp-13.2.0_20240530/xtensa-esp-elf/bin/../xtensa-esp-elf --dynconfig=xtensa_esp32s3.so -o cmTC_10f54 /Users/sousou04/.espressif/tools/xtensa-esp-elf/esp-13.2.0_20240530/xtensa-esp-elf/bin/../lib/gcc/xtensa-esp-elf/13.2.0/../../../../xtensa-esp-elf/lib/esp32s3/crt0.o /Users/sousou04/.espressif/tools/xtensa-esp-elf/esp-13.2.0_20240530/xtensa-esp-elf/bin/../lib/gcc/xtensa-esp-elf/13.2.0/esp32s3/crti.o /Users/sousou04/.espressif/tools/xtensa-esp-elf/esp-13.2.0_20240530/xtensa-esp-elf/bin/../lib/gcc/xtensa-esp-elf/13.2.0/esp32s3/crtbegin.o -L/Users/sousou04/.espressif/tools/xtensa-esp-elf/esp-13.2.0_20240530/xtensa-esp-elf/bin/../lib/gcc/xtensa-esp-elf/13.2.0/esp32s3 -L/Users/sousou04/.espressif/tools/xtensa-esp-elf/esp-13.2.0_20240530/xtensa-esp-elf/bin/../lib/gcc/xtensa-esp-elf/13.2.0/../../../../xtensa-esp-elf/lib/esp32s3 -L/Users/sousou04/.espressif/tools/xtensa-esp-elf/esp-13.2.0_20240530/xtensa-esp-elf/bin/../xtensa-esp-elf/lib/esp32s3 -L/Users/sousou04/.espressif/tools/xtensa-esp-elf/esp-13.2.0_20240530/xtensa-esp-elf/bin/../lib/gcc/xtensa-esp-elf/13.2.0 -L/Users/sousou04/.espressif/tools/xtensa-esp-elf/esp-13.2.0_20240530/xtensa-esp-elf/bin/../lib/gcc -L/Users/sousou04/.espressif/tools/xtensa-esp-elf/esp-13.2.0_20240530/xtensa-esp-elf/bin/../lib/gcc/xtensa-esp-elf/13.2.0/../../../../xtensa-esp-elf/lib -L/Users/sousou04/.espressif/tools/xtensa-esp-elf/esp-13.2.0_20240530/xtensa-esp-elf/bin/../xtensa-esp-elf/lib -L/Users/sousou04/.espressif/tools/xtensa-esp-elf/esp-13.2.0_20240530/xtensa-esp-elf/bin/../xtensa-esp-elf/usr/lib CMakeFiles/cmTC_10f54.dir/CMakeCXXCompilerABI.cpp.obj -lstdc++ -lm -lgcc -lc -lnosys -lc -lgcc /Users/sousou04/.espressif/tools/xtensa-esp-elf/esp-13.2.0_20240530/xtensa-esp-elf/bin/../lib/gcc/xtensa-esp-elf/13.2.0/esp32s3/crtend.o /Users/sousou04/.espressif/tools/xtensa-esp-elf/esp-13.2.0_20240530/xtensa-esp-elf/bin/../lib/gcc/xtensa-esp-elf/13.2.0/esp32s3/crtn.o]
    arg [/Users/sousou04/.espressif/tools/xtensa-esp-elf/esp-13.2.0_20240530/xtensa-esp-elf/bin/../libexec/gcc/xtensa-esp-elf/13.2.0/collect2] ==> ignore
    arg [-plugin] ==> ignore
    arg [/Users/sousou04/.espressif/tools/xtensa-esp-elf/esp-13.2.0_20240530/xtensa-esp-elf/bin/../libexec/gcc/xtensa-esp-elf/13.2.0/liblto_plugin.so] ==> ignore
    arg [-plugin-opt=/Users/sousou04/.espressif/tools/xtensa-esp-elf/esp-13.2.0_20240530/xtensa-esp-elf/bin/../libexec/gcc/xtensa-esp-elf/13.2.0/lto-wrapper] ==> ignore
    arg [-plugin-opt=-fresolution=/var/folders/cd/rnkfvxms36sbf1ppv4ffpw380000gn/T//ccsfjI7U.res] ==> ignore
    arg [-plugin-opt=-pass-through=-lgcc] ==> ignore
    arg [-plugin-opt=-pass-through=-lc] ==> ignore
    arg [-plugin-opt=-pass-through=-lnosys] ==> ignore
    arg [-plugin-opt=-pass-through=-lc] ==> ignore
    arg [-plugin-opt=-pass-through=-lgcc] ==> ignore
    arg [--sysroot=/Users/sousou04/.espressif/tools/xtensa-esp-elf/esp-13.2.0_20240530/xtensa-esp-elf/bin/../xtensa-esp-elf] ==> ignore
    arg [--dynconfig=xtensa_esp32s3.so] ==> ignore
    arg [-o] ==> ignore
    arg [cmTC_10f54] ==> ignore
    arg [/Users/sousou04/.espressif/tools/xtensa-esp-elf/esp-13.2.0_20240530/xtensa-esp-elf/bin/../lib/gcc/xtensa-esp-elf/13.2.0/../../../../xtensa-esp-elf/lib/esp32s3/crt0.o] ==> obj [/Users/sousou04/.espressif/tools/xtensa-esp-elf/esp-13.2.0_20240530/xtensa-esp-elf/bin/../lib/gcc/xtensa-esp-elf/13.2.0/../../../../xtensa-esp-elf/lib/esp32s3/crt0.o]
    arg [/Users/sousou04/.espressif/tools/xtensa-esp-elf/esp-13.2.0_20240530/xtensa-esp-elf/bin/../lib/gcc/xtensa-esp-elf/13.2.0/esp32s3/crti.o] ==> obj [/Users/sousou04/.espressif/tools/xtensa-esp-elf/esp-13.2.0_20240530/xtensa-esp-elf/bin/../lib/gcc/xtensa-esp-elf/13.2.0/esp32s3/crti.o]
    arg [/Users/sousou04/.espressif/tools/xtensa-esp-elf/esp-13.2.0_20240530/xtensa-esp-elf/bin/../lib/gcc/xtensa-esp-elf/13.2.0/esp32s3/crtbegin.o] ==> obj [/Users/sousou04/.espressif/tools/xtensa-esp-elf/esp-13.2.0_20240530/xtensa-esp-elf/bin/../lib/gcc/xtensa-esp-elf/13.2.0/esp32s3/crtbegin.o]
    arg [-L/Users/sousou04/.espressif/tools/xtensa-esp-elf/esp-13.2.0_20240530/xtensa-esp-elf/bin/../lib/gcc/xtensa-esp-elf/13.2.0/esp32s3] ==> dir [/Users/sousou04/.espressif/tools/xtensa-esp-elf/esp-13.2.0_20240530/xtensa-esp-elf/bin/../lib/gcc/xtensa-esp-elf/13.2.0/esp32s3]
    arg [-L/Users/sousou04/.espressif/tools/xtensa-esp-elf/esp-13.2.0_20240530/xtensa-esp-elf/bin/../lib/gcc/xtensa-esp-elf/13.2.0/../../../../xtensa-esp-elf/lib/esp32s3] ==> dir [/Users/sousou04/.espressif/tools/xtensa-esp-elf/esp-13.2.0_20240530/xtensa-esp-elf/bin/../lib/gcc/xtensa-esp-elf/13.2.0/../../../../xtensa-esp-elf/lib/esp32s3]
    arg [-L/Users/sousou04/.espressif/tools/xtensa-esp-elf/esp-13.2.0_20240530/xtensa-esp-elf/bin/../xtensa-esp-elf/lib/esp32s3] ==> dir [/Users/sousou04/.espressif/tools/xtensa-esp-elf/esp-13.2.0_20240530/xtensa-esp-elf/bin/../xtensa-esp-elf/lib/esp32s3]
    arg [-L/Users/sousou04/.espressif/tools/xtensa-esp-elf/esp-13.2.0_20240530/xtensa-esp-elf/bin/../lib/gcc/xtensa-esp-elf/13.2.0] ==> dir [/Users/sousou04/.espressif/tools/xtensa-esp-elf/esp-13.2.0_20240530/xtensa-esp-elf/bin/../lib/gcc/xtensa-esp-elf/13.2.0]
    arg [-L/Users/sousou04/.espressif/tools/xtensa-esp-elf/esp-13.2.0_20240530/xtensa-esp-elf/bin/../lib/gcc] ==> dir [/Users/sousou04/.espressif/tools/xtensa-esp-elf/esp-13.2.0_20240530/xtensa-esp-elf/bin/../lib/gcc]
    arg [-L/Users/sousou04/.espressif/tools/xtensa-esp-elf/esp-13.2.0_20240530/xtensa-esp-elf/bin/../lib/gcc/xtensa-esp-elf/13.2.0/../../../../xtensa-esp-elf/lib] ==> dir [/Users/sousou04/.espressif/tools/xtensa-esp-elf/esp-13.2.0_20240530/xtensa-esp-elf/bin/../lib/gcc/xtensa-esp-elf/13.2.0/../../../../xtensa-esp-elf/lib]
    arg [-L/Users/sousou04/.espressif/tools/xtensa-esp-elf/esp-13.2.0_20240530/xtensa-esp-elf/bin/../xtensa-esp-elf/lib] ==> dir [/Users/sousou04/.espressif/tools/xtensa-esp-elf/esp-13.2.0_20240530/xtensa-esp-elf/bin/../xtensa-esp-elf/lib]
    arg [-L/Users/sousou04/.espressif/tools/xtensa-esp-elf/esp-13.2.0_20240530/xtensa-esp-elf/bin/../xtensa-esp-elf/usr/lib] ==> dir [/Users/sousou04/.espressif/tools/xtensa-esp-elf/esp-13.2.0_20240530/xtensa-esp-elf/bin/../xtensa-esp-elf/usr/lib]
    arg [CMakeFiles/cmTC_10f54.dir/CMakeCXXCompilerABI.cpp.obj] ==> ignore
    arg [-lstdc++] ==> lib [stdc++]
    arg [-lm] ==> lib [m]
    arg [-lgcc] ==> lib [gcc]
    arg [-lc] ==> lib [c]
    arg [-lnosys] ==> lib [nosys]
    arg [-lc] ==> lib [c]
    arg [-lgcc] ==> lib [gcc]
    arg [/Users/sousou04/.espressif/tools/xtensa-esp-elf/esp-13.2.0_20240530/xtensa-esp-elf/bin/../lib/gcc/xtensa-esp-elf/13.2.0/esp32s3/crtend.o] ==> obj [/Users/sousou04/.espressif/tools/xtensa-esp-elf/esp-13.2.0_20240530/xtensa-esp-elf/bin/../lib/gcc/xtensa-esp-elf/13.2.0/esp32s3/crtend.o]
    arg [/Users/sousou04/.espressif/tools/xtensa-esp-elf/esp-13.2.0_20240530/xtensa-esp-elf/bin/../lib/gcc/xtensa-esp-elf/13.2.0/esp32s3/crtn.o] ==> obj [/Users/sousou04/.espressif/tools/xtensa-esp-elf/esp-13.2.0_20240530/xtensa-esp-elf/bin/../lib/gcc/xtensa-esp-elf/13.2.0/esp32s3/crtn.o]
  collapse obj [/Users/sousou04/.espressif/tools/xtensa-esp-elf/esp-13.2.0_20240530/xtensa-esp-elf/bin/../lib/gcc/xtensa-esp-elf/13.2.0/../../../../xtensa-esp-elf/lib/esp32s3/crt0.o] ==> [/Users/sousou04/.espressif/tools/xtensa-esp-elf/esp-13.2.0_20240530/xtensa-esp-elf/xtensa-esp-elf/lib/esp32s3/crt0.o]
  collapse obj [/Users/sousou04/.espressif/tools/xtensa-esp-elf/esp-13.2.0_20240530/xtensa-esp-elf/bin/../lib/gcc/xtensa-esp-elf/13.2.0/esp32s3/crti.o] ==> [/Users/sousou04/.espressif/tools/xtensa-esp-elf/esp-13.2.0_20240530/xtensa-esp-elf/lib/gcc/xtensa-esp-elf/13.2.0/esp32s3/crti.o]
  collapse obj [/Users/sousou04/.espressif/tools/xtensa-esp-elf/esp-13.2.0_20240530/xtensa-esp-elf/bin/../lib/gcc/xtensa-esp-elf/13.2.0/esp32s3/crtbegin.o] ==> [/Users/sousou04/.espressif/tools/xtensa-esp-elf/esp-13.2.0_20240530/xtensa-esp-elf/lib/gcc/xtensa-esp-elf/13.2.0/esp32s3/crtbegin.o]
  collapse obj [/Users/sousou04/.espressif/tools/xtensa-esp-elf/esp-13.2.0_20240530/xtensa-esp-elf/bin/../lib/gcc/xtensa-esp-elf/13.2.0/esp32s3/crtend.o] ==> [/Users/sousou04/.espressif/tools/xtensa-esp-elf/esp-13.2.0_20240530/xtensa-esp-elf/lib/gcc/xtensa-esp-elf/13.2.0/esp32s3/crtend.o]
  collapse obj [/Users/sousou04/.espressif/tools/xtensa-esp-elf/esp-13.2.0_20240530/xtensa-esp-elf/bin/../lib/gcc/xtensa-esp-elf/13.2.0/esp32s3/crtn.o] ==> [/Users/sousou04/.espressif/tools/xtensa-esp-elf/esp-13.2.0_20240530/xtensa-esp-elf/lib/gcc/xtensa-esp-elf/13.2.0/esp32s3/crtn.o]
  collapse library dir [/Users/sousou04/.espressif/tools/xtensa-esp-elf/esp-13.2.0_20240530/xtensa-esp-elf/bin/../lib/gcc/xtensa-esp-elf/13.2.0/esp32s3] ==> [/Users/sousou04/.espressif/tools/xtensa-esp-elf/esp-13.2.0_20240530/xtensa-esp-elf/lib/gcc/xtensa-esp-elf/13.2.0/esp32s3]
  collapse library dir [/Users/sousou04/.espressif/tools/xtensa-esp-elf/esp-13.2.0_20240530/xtensa-esp-elf/bin/../lib/gcc/xtensa-esp-elf/13.2.0/../../../../xtensa-esp-elf/lib/esp32s3] ==> [/Users/sousou04/.espressif/tools/xtensa-esp-elf/esp-13.2.0_20240530/xtensa-esp-elf/xtensa-esp-elf/lib/esp32s3]
  collapse library dir [/Users/sousou04/.espressif/tools/xtensa-esp-elf/esp-13.2.0_20240530/xtensa-esp-elf/bin/../xtensa-esp-elf/lib/esp32s3] ==> [/Users/sousou04/.espressif/tools/xtensa-esp-elf/esp-13.2.0_20240530/xtensa-esp-elf/xtensa-esp-elf/lib/esp32s3]
  collapse library dir [/Users/sousou04/.espressif/tools/xtensa-esp-elf/esp-13.2.0_20240530/xtensa-esp-elf/bin/../lib/gcc/xtensa-esp-elf/13.2.0] ==> [/Users/sousou04/.espressif/tools/xtensa-esp-elf/esp-13.2.0_20240530/xtensa-esp-elf/lib/gcc/xtensa-esp-elf/13.2.0]
  collapse library dir [/Users/sousou04/.espressif/tools/xtensa-esp-elf/esp-13.2.0_20240530/xtensa-esp-elf/bin/../lib/gcc] ==> [/Users/sousou04/.espressif/tools/xtensa-esp-elf/esp-13.2.0_20240530/xtensa-esp-elf/lib/gcc]
  collapse library dir [/Users/sousou04/.espressif/tools/xtensa-esp-elf/esp-13.2.0_20240530/xtensa-esp-elf/bin/../lib/gcc/xtensa-esp-elf/13.2.0/../../../../xtensa-esp-elf/lib] ==> [/Users/sousou04/.espressif/tools/xtensa-esp-elf/esp-13.2.0_20240530/xtensa-esp-elf/xtensa-esp-elf/lib]
  collapse library dir [/Users/sousou04/.espressif/tools/xtensa-esp-elf/esp-13.2.0_20240530/xtensa-esp-elf/bin/../xtensa-esp-elf/lib] ==> [/Users/sousou04/.espressif/tools/xtensa-esp-elf/esp-13.2.0_20240530/xtensa-esp-elf/xtensa-esp-elf/lib]
  collapse library dir [/Users/sousou04/.espressif/tools/xtensa-esp-elf/esp-13.2.0_20240530/xtensa-esp-elf/bin/../xtensa-esp-elf/usr/lib] ==> [/Users/sousou04/.espressif/tools/xtensa-esp-elf/esp-13.2.0_20240530/xtensa-esp-elf/xtensa-esp-elf/usr/lib]
  implicit libs: [stdc++;m;gcc;c;nosys;c;gcc]
  implicit objs: [/Users/sousou04/.espressif/tools/xtensa-esp-elf/esp-13.2.0_20240530/xtensa-esp-elf/xtensa-esp-elf/lib/esp32s3/crt0.o;/Users/sousou04/.espressif/tools/xtensa-esp-elf/esp-13.2.0_20240530/xtensa-esp-elf/lib/gcc/xtensa-esp-elf/13.2.0/esp32s3/crti.o;/Users/sousou04/.espressif/tools/xtensa-esp-elf/esp-13.2.0_20240530/xtensa-esp-elf/lib/gcc/xtensa-esp-elf/13.2.0/esp32s3/crtbegin.o;/Users/sousou04/.espressif/tools/xtensa-esp-elf/esp-13.2.0_20240530/xtensa-esp-elf/lib/gcc/xtensa-esp-elf/13.2.0/esp32s3/crtend.o;/Users/sousou04/.espressif/tools/xtensa-esp-elf/esp-13.2.0_20240530/xtensa-esp-elf/lib/gcc/xtensa-esp-elf/13.2.0/esp32s3/crtn.o]
  implicit dirs: [/Users/sousou04/.espressif/tools/xtensa-esp-elf/esp-13.2.0_20240530/xtensa-esp-elf/lib/gcc/xtensa-esp-elf/13.2.0/esp32s3;/Users/sousou04/.espressif/tools/xtensa-esp-elf/esp-13.2.0_20240530/xtensa-esp-elf/xtensa-esp-elf/lib/esp32s3;/Users/sousou04/.espressif/tools/xtensa-esp-elf/esp-13.2.0_20240530/xtensa-esp-elf/lib/gcc/xtensa-esp-elf/13.2.0;/Users/sousou04/.espressif/tools/xtensa-esp-elf/esp-13.2.0_20240530/xtensa-esp-elf/lib/gcc;/Users/sousou04/.espressif/tools/xtensa-esp-elf/esp-13.2.0_20240530/xtensa-esp-elf/xtensa-esp-elf/lib;/Users/sousou04/.espressif/tools/xtensa-esp-elf/esp-13.2.0_20240530/xtensa-esp-elf/xtensa-esp-elf/usr/lib]
  implicit fwks: []


